<html>
<head>
<title>TestNG:  Test2</title>
<link href="../testng.css" rel="stylesheet" type="text/css" />
<link href="../my-testng.css" rel="stylesheet" type="text/css" />

<style type="text/css">
.log { display: none;} 
.stack-trace { display: none;} 
</style>
<script type="text/javascript">
<!--
function flip(e) {
  current = e.style.display;
  if (current == 'block') {
    e.style.display = 'none';
    return 0;
  }
  else {
    e.style.display = 'block';
    return 1;
  }
}

function toggleBox(szDivId, elem, msg1, msg2)
{
  var res = -1;  if (document.getElementById) {
    res = flip(document.getElementById(szDivId));
  }
  else if (document.all) {
    // this is the way old msie versions work
    res = flip(document.all[szDivId]);
  }
  if(elem) {
    if(res == 0) elem.innerHTML = msg1; else elem.innerHTML = msg2;
  }

}

function toggleAllBoxes() {
  if (document.getElementsByTagName) {
    d = document.getElementsByTagName('div');
    for (i = 0; i < d.length; i++) {
      if (d[i].className == 'log') {
        flip(d[i]);
      }
    }
  }
}

// -->
</script>

</head>
<body>
<h2 align='center'>Test2</h2><table border='1' align="center">
<tr>
<td>Tests passed/Failed/Skipped:</td><td>24/3/0</td>
</tr><tr>
<td>Started on:</td><td>Mon Feb 01 12:41:26 EST 2016</td>
</tr>
<tr><td>Total time:</td><td>220 seconds (220503 ms)</td>
</tr><tr>
<td>Included groups:</td><td></td>
</tr><tr>
<td>Excluded groups:</td><td></td>
</tr>
</table><p/>
<small><i>(Hover the method name to see the test class name)</i></small><p/>
<table width='100%' border='1' class='invocation-failed'>
<tr><td colspan='4' align='center'><b>FAILED TESTS</b></td></tr>
<tr><td><b>Test method</b></td>
<td width="30%"><b>Exception</b></td>
<td width="10%"><b>Time (seconds)</b></td>
<td><b>Instance</b></td>
</tr>
<tr>
<td title='testCase.TestCaseForCreateMemberAcWithLogin.enterBlankDataIntoMemberAc()'><b>enterBlankDataIntoMemberAc</b><br>Test class: testCase.TestCaseForCreateMemberAcWithLogin</td>
<td><div><pre>org.openqa.selenium.NoSuchElementException: Unable to locate element: {&quot;method&quot;:&quot;xpath&quot;,&quot;selector&quot;:&quot;.//*[@id=&apos;topButtonRow&apos;]/input[1]&quot;}
Command duration or timeout: 30.02 seconds
For documentation on this error, please visit: http://seleniumhq.org/exceptions/no_such_element.html
Build info: version: &apos;2.49.1&apos;, revision: &apos;b41a073&apos;, time: &apos;2016-01-21 17:32:24&apos;
System info: host: &apos;01250LT2368&apos;, ip: &apos;10.8.44.162&apos;, os.name: &apos;Windows 7&apos;, os.arch: &apos;x86&apos;, os.version: &apos;6.1&apos;, java.version: &apos;1.8.0_60&apos;
Driver info: org.openqa.selenium.firefox.FirefoxDriver
Capabilities [{applicationCacheEnabled=true, rotatable=false, handlesAlerts=true, databaseEnabled=true, version=40.0.3, platform=WINDOWS, nativeEvents=false, acceptSslCerts=true, webStorageEnabled=true, locationContextEnabled=true, browserName=firefox, takesScreenshot=true, javascriptEnabled=true, cssSelectorsEnabled=true}]
Session ID: 60a234a2-530a-4f27-8511-4664960260dd
*** Element info: {Using=xpath, value=.//*[@id=&apos;topButtonRow&apos;]/input[1]}
	at org.openqa.selenium.remote.ErrorHandler.createThrowable(ErrorHandler.java:206)
	at org.openqa.selenium.remote.ErrorHandler.throwIfResponseFailed(ErrorHandler.java:158)
	at org.openqa.selenium.remote.RemoteWebDriver.execute(RemoteWebDriver.java:678)
	at org.openqa.selenium.remote.RemoteWebDriver.findElement(RemoteWebDriver.java:363)
	at org.openqa.selenium.remote.RemoteWebDriver.findElementByXPath(RemoteWebDriver.java:500)
	at org.openqa.selenium.By$ByXPath.findElement(By.java:361)
	at org.openqa.selenium.remote.RemoteWebDriver.findElement(RemoteWebDriver.java:355)
	at testCase.TestCaseForCreateMemberAcWithLogin.enterBlankDataIntoMemberAc(TestCaseForCreateMemberAcWithLogin.java:61)
Caused by: org.openqa.selenium.NoSuchElementException: Unable to locate element: {&quot;method&quot;:&quot;xpath&quot;,&quot;selector&quot;:&quot;.//*[@id=&apos;topButtonRow&apos;]/input[1]&quot;}
For documentation on this error, please visit: http://seleniumhq.org/exceptions/no_such_element.html
Build info: version: &apos;2.49.1&apos;, revision: &apos;b41a073&apos;, time: &apos;2016-01-21 17:32:24&apos;
System info: host: &apos;01250LT2368&apos;, ip: &apos;10.8.44.162&apos;, os.name: &apos;Windows 7&apos;, os.arch: &apos;x86&apos;, os.version: &apos;6.1&apos;, java.version: &apos;1.8.0_60&apos;
Driver info: driver.version: unknown
	at &lt;anonymous class&gt;.FirefoxDriver.prototype.findElementInternal_(file:///C:/Users/jakther/AppData/Local/Temp/anonymous8129824912121244097webdriver-profile/extensions/fxdriver@googlecode.com/components/driver-component.js:10681)
	at &lt;anonymous class&gt;.fxdriver.Timer.prototype.setTimeout/&lt;.notify(file:///C:/Users/jakther/AppData/Local/Temp/anonymous8129824912121244097webdriver-profile/extensions/fxdriver@googlecode.com/components/driver-component.js:623)
... Removed 28 stack frames</pre></div><a href='#' onClick='toggleBox("stack-trace3565780", this, "Click to show all stack frames", "Click to hide stack frames")'>Click to show all stack frames</a>
<div class='stack-trace' id='stack-trace3565780'><pre>org.openqa.selenium.NoSuchElementException: Unable to locate element: {&quot;method&quot;:&quot;xpath&quot;,&quot;selector&quot;:&quot;.//*[@id=&apos;topButtonRow&apos;]/input[1]&quot;}
Command duration or timeout: 30.02 seconds
For documentation on this error, please visit: http://seleniumhq.org/exceptions/no_such_element.html
Build info: version: &apos;2.49.1&apos;, revision: &apos;b41a073&apos;, time: &apos;2016-01-21 17:32:24&apos;
System info: host: &apos;01250LT2368&apos;, ip: &apos;10.8.44.162&apos;, os.name: &apos;Windows 7&apos;, os.arch: &apos;x86&apos;, os.version: &apos;6.1&apos;, java.version: &apos;1.8.0_60&apos;
Driver info: org.openqa.selenium.firefox.FirefoxDriver
Capabilities [{applicationCacheEnabled=true, rotatable=false, handlesAlerts=true, databaseEnabled=true, version=40.0.3, platform=WINDOWS, nativeEvents=false, acceptSslCerts=true, webStorageEnabled=true, locationContextEnabled=true, browserName=firefox, takesScreenshot=true, javascriptEnabled=true, cssSelectorsEnabled=true}]
Session ID: 60a234a2-530a-4f27-8511-4664960260dd
*** Element info: {Using=xpath, value=.//*[@id=&apos;topButtonRow&apos;]/input[1]}
	at sun.reflect.NativeConstructorAccessorImpl.newInstance0(Native Method)
	at sun.reflect.NativeConstructorAccessorImpl.newInstance(Unknown Source)
	at sun.reflect.DelegatingConstructorAccessorImpl.newInstance(Unknown Source)
	at java.lang.reflect.Constructor.newInstance(Unknown Source)
	at org.openqa.selenium.remote.ErrorHandler.createThrowable(ErrorHandler.java:206)
	at org.openqa.selenium.remote.ErrorHandler.throwIfResponseFailed(ErrorHandler.java:158)
	at org.openqa.selenium.remote.RemoteWebDriver.execute(RemoteWebDriver.java:678)
	at org.openqa.selenium.remote.RemoteWebDriver.findElement(RemoteWebDriver.java:363)
	at org.openqa.selenium.remote.RemoteWebDriver.findElementByXPath(RemoteWebDriver.java:500)
	at org.openqa.selenium.By$ByXPath.findElement(By.java:361)
	at org.openqa.selenium.remote.RemoteWebDriver.findElement(RemoteWebDriver.java:355)
	at testCase.TestCaseForCreateMemberAcWithLogin.enterBlankDataIntoMemberAc(TestCaseForCreateMemberAcWithLogin.java:61)
	at sun.reflect.NativeMethodAccessorImpl.invoke0(Native Method)
	at sun.reflect.NativeMethodAccessorImpl.invoke(Unknown Source)
	at sun.reflect.DelegatingMethodAccessorImpl.invoke(Unknown Source)
	at java.lang.reflect.Method.invoke(Unknown Source)
	at org.testng.internal.MethodInvocationHelper.invokeMethod(MethodInvocationHelper.java:84)
	at org.testng.internal.Invoker.invokeMethod(Invoker.java:714)
	at org.testng.internal.Invoker.invokeTestMethod(Invoker.java:901)
	at org.testng.internal.Invoker.invokeTestMethods(Invoker.java:1231)
	at org.testng.internal.TestMethodWorker.invokeTestMethods(TestMethodWorker.java:127)
	at org.testng.internal.TestMethodWorker.run(TestMethodWorker.java:111)
	at org.testng.TestRunner.privateRun(TestRunner.java:767)
	at org.testng.TestRunner.run(TestRunner.java:617)
	at org.testng.SuiteRunner.runTest(SuiteRunner.java:334)
	at org.testng.SuiteRunner.runSequentially(SuiteRunner.java:329)
	at org.testng.SuiteRunner.privateRun(SuiteRunner.java:291)
	at org.testng.SuiteRunner.run(SuiteRunner.java:240)
	at org.testng.SuiteRunnerWorker.runSuite(SuiteRunnerWorker.java:52)
	at org.testng.SuiteRunnerWorker.run(SuiteRunnerWorker.java:86)
	at org.testng.TestNG.runSuitesSequentially(TestNG.java:1224)
	at org.testng.TestNG.runSuitesLocally(TestNG.java:1149)
	at org.testng.TestNG.run(TestNG.java:1057)
	at org.testng.remote.RemoteTestNG.run(RemoteTestNG.java:111)
	at org.testng.remote.RemoteTestNG.initAndRun(RemoteTestNG.java:204)
	at org.testng.remote.RemoteTestNG.main(RemoteTestNG.java:175)
Caused by: org.openqa.selenium.NoSuchElementException: Unable to locate element: {&quot;method&quot;:&quot;xpath&quot;,&quot;selector&quot;:&quot;.//*[@id=&apos;topButtonRow&apos;]/input[1]&quot;}
For documentation on this error, please visit: http://seleniumhq.org/exceptions/no_such_element.html
Build info: version: &apos;2.49.1&apos;, revision: &apos;b41a073&apos;, time: &apos;2016-01-21 17:32:24&apos;
System info: host: &apos;01250LT2368&apos;, ip: &apos;10.8.44.162&apos;, os.name: &apos;Windows 7&apos;, os.arch: &apos;x86&apos;, os.version: &apos;6.1&apos;, java.version: &apos;1.8.0_60&apos;
Driver info: driver.version: unknown
	at &lt;anonymous class&gt;.FirefoxDriver.prototype.findElementInternal_(file:///C:/Users/jakther/AppData/Local/Temp/anonymous8129824912121244097webdriver-profile/extensions/fxdriver@googlecode.com/components/driver-component.js:10681)
	at &lt;anonymous class&gt;.fxdriver.Timer.prototype.setTimeout/&lt;.notify(file:///C:/Users/jakther/AppData/Local/Temp/anonymous8129824912121244097webdriver-profile/extensions/fxdriver@googlecode.com/components/driver-component.js:623)
</pre></div></td>
<td>30</td>
<td>testCase.TestCaseForCreateMemberAcWithLogin@1b554cc</td></tr>
<tr>
<td title='testCase.TestCaseForCreateMemberAcWithLogin.enterInvalidSsn()'><b>enterInvalidSsn</b><br>Test class: testCase.TestCaseForCreateMemberAcWithLogin</td>
<td><div><pre>org.openqa.selenium.NoSuchElementException: Unable to locate element: {&quot;method&quot;:&quot;xpath&quot;,&quot;selector&quot;:&quot;.//*[@id=&apos;00NF000000D2YFo&apos;]&quot;}
Command duration or timeout: 30.11 seconds
For documentation on this error, please visit: http://seleniumhq.org/exceptions/no_such_element.html
Build info: version: &apos;2.49.1&apos;, revision: &apos;b41a073&apos;, time: &apos;2016-01-21 17:32:24&apos;
System info: host: &apos;01250LT2368&apos;, ip: &apos;10.8.44.162&apos;, os.name: &apos;Windows 7&apos;, os.arch: &apos;x86&apos;, os.version: &apos;6.1&apos;, java.version: &apos;1.8.0_60&apos;
Driver info: org.openqa.selenium.firefox.FirefoxDriver
Capabilities [{applicationCacheEnabled=true, rotatable=false, handlesAlerts=true, databaseEnabled=true, version=40.0.3, platform=WINDOWS, nativeEvents=false, acceptSslCerts=true, webStorageEnabled=true, locationContextEnabled=true, browserName=firefox, takesScreenshot=true, javascriptEnabled=true, cssSelectorsEnabled=true}]
Session ID: 60a234a2-530a-4f27-8511-4664960260dd
*** Element info: {Using=xpath, value=.//*[@id=&apos;00NF000000D2YFo&apos;]}
	at org.openqa.selenium.remote.ErrorHandler.createThrowable(ErrorHandler.java:206)
	at org.openqa.selenium.remote.ErrorHandler.throwIfResponseFailed(ErrorHandler.java:158)
	at org.openqa.selenium.remote.RemoteWebDriver.execute(RemoteWebDriver.java:678)
	at org.openqa.selenium.remote.RemoteWebDriver.findElement(RemoteWebDriver.java:363)
	at org.openqa.selenium.remote.RemoteWebDriver.findElementByXPath(RemoteWebDriver.java:500)
	at org.openqa.selenium.By$ByXPath.findElement(By.java:361)
	at org.openqa.selenium.remote.RemoteWebDriver.findElement(RemoteWebDriver.java:355)
	at utilities.AllMethod.useSendkeys(AllMethod.java:59)
	at utilities.AllMethod.enterDataOnTheMembarAcc(AllMethod.java:156)
	at testCase.TestCaseForCreateMemberAcWithLogin.enterInvalidSsn(TestCaseForCreateMemberAcWithLogin.java:83)
Caused by: org.openqa.selenium.NoSuchElementException: Unable to locate element: {&quot;method&quot;:&quot;xpath&quot;,&quot;selector&quot;:&quot;.//*[@id=&apos;00NF000000D2YFo&apos;]&quot;}
For documentation on this error, please visit: http://seleniumhq.org/exceptions/no_such_element.html
Build info: version: &apos;2.49.1&apos;, revision: &apos;b41a073&apos;, time: &apos;2016-01-21 17:32:24&apos;
System info: host: &apos;01250LT2368&apos;, ip: &apos;10.8.44.162&apos;, os.name: &apos;Windows 7&apos;, os.arch: &apos;x86&apos;, os.version: &apos;6.1&apos;, java.version: &apos;1.8.0_60&apos;
Driver info: driver.version: unknown
	at &lt;anonymous class&gt;.FirefoxDriver.prototype.findElementInternal_(file:///C:/Users/jakther/AppData/Local/Temp/anonymous8129824912121244097webdriver-profile/extensions/fxdriver@googlecode.com/components/driver-component.js:10681)
	at &lt;anonymous class&gt;.fxdriver.Timer.prototype.setTimeout/&lt;.notify(file:///C:/Users/jakther/AppData/Local/Temp/anonymous8129824912121244097webdriver-profile/extensions/fxdriver@googlecode.com/components/driver-component.js:623)
... Removed 28 stack frames</pre></div><a href='#' onClick='toggleBox("stack-trace12823813", this, "Click to show all stack frames", "Click to hide stack frames")'>Click to show all stack frames</a>
<div class='stack-trace' id='stack-trace12823813'><pre>org.openqa.selenium.NoSuchElementException: Unable to locate element: {&quot;method&quot;:&quot;xpath&quot;,&quot;selector&quot;:&quot;.//*[@id=&apos;00NF000000D2YFo&apos;]&quot;}
Command duration or timeout: 30.11 seconds
For documentation on this error, please visit: http://seleniumhq.org/exceptions/no_such_element.html
Build info: version: &apos;2.49.1&apos;, revision: &apos;b41a073&apos;, time: &apos;2016-01-21 17:32:24&apos;
System info: host: &apos;01250LT2368&apos;, ip: &apos;10.8.44.162&apos;, os.name: &apos;Windows 7&apos;, os.arch: &apos;x86&apos;, os.version: &apos;6.1&apos;, java.version: &apos;1.8.0_60&apos;
Driver info: org.openqa.selenium.firefox.FirefoxDriver
Capabilities [{applicationCacheEnabled=true, rotatable=false, handlesAlerts=true, databaseEnabled=true, version=40.0.3, platform=WINDOWS, nativeEvents=false, acceptSslCerts=true, webStorageEnabled=true, locationContextEnabled=true, browserName=firefox, takesScreenshot=true, javascriptEnabled=true, cssSelectorsEnabled=true}]
Session ID: 60a234a2-530a-4f27-8511-4664960260dd
*** Element info: {Using=xpath, value=.//*[@id=&apos;00NF000000D2YFo&apos;]}
	at sun.reflect.NativeConstructorAccessorImpl.newInstance0(Native Method)
	at sun.reflect.NativeConstructorAccessorImpl.newInstance(Unknown Source)
	at sun.reflect.DelegatingConstructorAccessorImpl.newInstance(Unknown Source)
	at java.lang.reflect.Constructor.newInstance(Unknown Source)
	at org.openqa.selenium.remote.ErrorHandler.createThrowable(ErrorHandler.java:206)
	at org.openqa.selenium.remote.ErrorHandler.throwIfResponseFailed(ErrorHandler.java:158)
	at org.openqa.selenium.remote.RemoteWebDriver.execute(RemoteWebDriver.java:678)
	at org.openqa.selenium.remote.RemoteWebDriver.findElement(RemoteWebDriver.java:363)
	at org.openqa.selenium.remote.RemoteWebDriver.findElementByXPath(RemoteWebDriver.java:500)
	at org.openqa.selenium.By$ByXPath.findElement(By.java:361)
	at org.openqa.selenium.remote.RemoteWebDriver.findElement(RemoteWebDriver.java:355)
	at utilities.AllMethod.useSendkeys(AllMethod.java:59)
	at utilities.AllMethod.enterDataOnTheMembarAcc(AllMethod.java:156)
	at testCase.TestCaseForCreateMemberAcWithLogin.enterInvalidSsn(TestCaseForCreateMemberAcWithLogin.java:83)
	at sun.reflect.NativeMethodAccessorImpl.invoke0(Native Method)
	at sun.reflect.NativeMethodAccessorImpl.invoke(Unknown Source)
	at sun.reflect.DelegatingMethodAccessorImpl.invoke(Unknown Source)
	at java.lang.reflect.Method.invoke(Unknown Source)
	at org.testng.internal.MethodInvocationHelper.invokeMethod(MethodInvocationHelper.java:84)
	at org.testng.internal.Invoker.invokeMethod(Invoker.java:714)
	at org.testng.internal.Invoker.invokeTestMethod(Invoker.java:901)
	at org.testng.internal.Invoker.invokeTestMethods(Invoker.java:1231)
	at org.testng.internal.TestMethodWorker.invokeTestMethods(TestMethodWorker.java:127)
	at org.testng.internal.TestMethodWorker.run(TestMethodWorker.java:111)
	at org.testng.TestRunner.privateRun(TestRunner.java:767)
	at org.testng.TestRunner.run(TestRunner.java:617)
	at org.testng.SuiteRunner.runTest(SuiteRunner.java:334)
	at org.testng.SuiteRunner.runSequentially(SuiteRunner.java:329)
	at org.testng.SuiteRunner.privateRun(SuiteRunner.java:291)
	at org.testng.SuiteRunner.run(SuiteRunner.java:240)
	at org.testng.SuiteRunnerWorker.runSuite(SuiteRunnerWorker.java:52)
	at org.testng.SuiteRunnerWorker.run(SuiteRunnerWorker.java:86)
	at org.testng.TestNG.runSuitesSequentially(TestNG.java:1224)
	at org.testng.TestNG.runSuitesLocally(TestNG.java:1149)
	at org.testng.TestNG.run(TestNG.java:1057)
	at org.testng.remote.RemoteTestNG.run(RemoteTestNG.java:111)
	at org.testng.remote.RemoteTestNG.initAndRun(RemoteTestNG.java:204)
	at org.testng.remote.RemoteTestNG.main(RemoteTestNG.java:175)
Caused by: org.openqa.selenium.NoSuchElementException: Unable to locate element: {&quot;method&quot;:&quot;xpath&quot;,&quot;selector&quot;:&quot;.//*[@id=&apos;00NF000000D2YFo&apos;]&quot;}
For documentation on this error, please visit: http://seleniumhq.org/exceptions/no_such_element.html
Build info: version: &apos;2.49.1&apos;, revision: &apos;b41a073&apos;, time: &apos;2016-01-21 17:32:24&apos;
System info: host: &apos;01250LT2368&apos;, ip: &apos;10.8.44.162&apos;, os.name: &apos;Windows 7&apos;, os.arch: &apos;x86&apos;, os.version: &apos;6.1&apos;, java.version: &apos;1.8.0_60&apos;
Driver info: driver.version: unknown
	at &lt;anonymous class&gt;.FirefoxDriver.prototype.findElementInternal_(file:///C:/Users/jakther/AppData/Local/Temp/anonymous8129824912121244097webdriver-profile/extensions/fxdriver@googlecode.com/components/driver-component.js:10681)
	at &lt;anonymous class&gt;.fxdriver.Timer.prototype.setTimeout/&lt;.notify(file:///C:/Users/jakther/AppData/Local/Temp/anonymous8129824912121244097webdriver-profile/extensions/fxdriver@googlecode.com/components/driver-component.js:623)
</pre></div></td>
<td>30</td>
<td>testCase.TestCaseForCreateMemberAcWithLogin@1b554cc</td></tr>
<tr>
<td title='testCase.TestCaseForCreateMemberAcWithLogin.navigateToAccountPage()'><b>navigateToAccountPage</b><br>Test class: testCase.TestCaseForCreateMemberAcWithLogin</td>
<td><div><pre>org.openqa.selenium.NoSuchElementException: Unable to locate element: {&quot;method&quot;:&quot;xpath&quot;,&quot;selector&quot;:&quot;.//*[@id=&apos;p3&apos;]&quot;}
Command duration or timeout: 30.15 seconds
For documentation on this error, please visit: http://seleniumhq.org/exceptions/no_such_element.html
Build info: version: &apos;2.49.1&apos;, revision: &apos;b41a073&apos;, time: &apos;2016-01-21 17:32:24&apos;
System info: host: &apos;01250LT2368&apos;, ip: &apos;10.8.44.162&apos;, os.name: &apos;Windows 7&apos;, os.arch: &apos;x86&apos;, os.version: &apos;6.1&apos;, java.version: &apos;1.8.0_60&apos;
Driver info: org.openqa.selenium.firefox.FirefoxDriver
Capabilities [{applicationCacheEnabled=true, rotatable=false, handlesAlerts=true, databaseEnabled=true, version=40.0.3, platform=WINDOWS, nativeEvents=false, acceptSslCerts=true, webStorageEnabled=true, locationContextEnabled=true, browserName=firefox, takesScreenshot=true, javascriptEnabled=true, cssSelectorsEnabled=true}]
Session ID: 60a234a2-530a-4f27-8511-4664960260dd
*** Element info: {Using=xpath, value=.//*[@id=&apos;p3&apos;]}
	at org.openqa.selenium.remote.ErrorHandler.createThrowable(ErrorHandler.java:206)
	at org.openqa.selenium.remote.ErrorHandler.throwIfResponseFailed(ErrorHandler.java:158)
	at org.openqa.selenium.remote.RemoteWebDriver.execute(RemoteWebDriver.java:678)
	at org.openqa.selenium.remote.RemoteWebDriver.findElement(RemoteWebDriver.java:363)
	at org.openqa.selenium.remote.RemoteWebDriver.findElementByXPath(RemoteWebDriver.java:500)
	at org.openqa.selenium.By$ByXPath.findElement(By.java:361)
	at org.openqa.selenium.remote.RemoteWebDriver.findElement(RemoteWebDriver.java:355)
	at utilities.AllMethod.selectTextFromComboByVisibleTextUseBy(AllMethod.java:245)
	at pageObject.NavigateToOtherPage.navigateToAccountCreatePage(NavigateToOtherPage.java:39)
	at testCase.TestCaseForCreateMemberAcWithLogin.navigateToAccountPage(TestCaseForCreateMemberAcWithLogin.java:41)
Caused by: org.openqa.selenium.NoSuchElementException: Unable to locate element: {&quot;method&quot;:&quot;xpath&quot;,&quot;selector&quot;:&quot;.//*[@id=&apos;p3&apos;]&quot;}
For documentation on this error, please visit: http://seleniumhq.org/exceptions/no_such_element.html
Build info: version: &apos;2.49.1&apos;, revision: &apos;b41a073&apos;, time: &apos;2016-01-21 17:32:24&apos;
System info: host: &apos;01250LT2368&apos;, ip: &apos;10.8.44.162&apos;, os.name: &apos;Windows 7&apos;, os.arch: &apos;x86&apos;, os.version: &apos;6.1&apos;, java.version: &apos;1.8.0_60&apos;
Driver info: driver.version: unknown
	at &lt;anonymous class&gt;.FirefoxDriver.prototype.findElementInternal_(file:///C:/Users/jakther/AppData/Local/Temp/anonymous8129824912121244097webdriver-profile/extensions/fxdriver@googlecode.com/components/driver-component.js:10681)
	at &lt;anonymous class&gt;.fxdriver.Timer.prototype.setTimeout/&lt;.notify(file:///C:/Users/jakther/AppData/Local/Temp/anonymous8129824912121244097webdriver-profile/extensions/fxdriver@googlecode.com/components/driver-component.js:623)
... Removed 28 stack frames</pre></div><a href='#' onClick='toggleBox("stack-trace12656366", this, "Click to show all stack frames", "Click to hide stack frames")'>Click to show all stack frames</a>
<div class='stack-trace' id='stack-trace12656366'><pre>org.openqa.selenium.NoSuchElementException: Unable to locate element: {&quot;method&quot;:&quot;xpath&quot;,&quot;selector&quot;:&quot;.//*[@id=&apos;p3&apos;]&quot;}
Command duration or timeout: 30.15 seconds
For documentation on this error, please visit: http://seleniumhq.org/exceptions/no_such_element.html
Build info: version: &apos;2.49.1&apos;, revision: &apos;b41a073&apos;, time: &apos;2016-01-21 17:32:24&apos;
System info: host: &apos;01250LT2368&apos;, ip: &apos;10.8.44.162&apos;, os.name: &apos;Windows 7&apos;, os.arch: &apos;x86&apos;, os.version: &apos;6.1&apos;, java.version: &apos;1.8.0_60&apos;
Driver info: org.openqa.selenium.firefox.FirefoxDriver
Capabilities [{applicationCacheEnabled=true, rotatable=false, handlesAlerts=true, databaseEnabled=true, version=40.0.3, platform=WINDOWS, nativeEvents=false, acceptSslCerts=true, webStorageEnabled=true, locationContextEnabled=true, browserName=firefox, takesScreenshot=true, javascriptEnabled=true, cssSelectorsEnabled=true}]
Session ID: 60a234a2-530a-4f27-8511-4664960260dd
*** Element info: {Using=xpath, value=.//*[@id=&apos;p3&apos;]}
	at sun.reflect.NativeConstructorAccessorImpl.newInstance0(Native Method)
	at sun.reflect.NativeConstructorAccessorImpl.newInstance(Unknown Source)
	at sun.reflect.DelegatingConstructorAccessorImpl.newInstance(Unknown Source)
	at java.lang.reflect.Constructor.newInstance(Unknown Source)
	at org.openqa.selenium.remote.ErrorHandler.createThrowable(ErrorHandler.java:206)
	at org.openqa.selenium.remote.ErrorHandler.throwIfResponseFailed(ErrorHandler.java:158)
	at org.openqa.selenium.remote.RemoteWebDriver.execute(RemoteWebDriver.java:678)
	at org.openqa.selenium.remote.RemoteWebDriver.findElement(RemoteWebDriver.java:363)
	at org.openqa.selenium.remote.RemoteWebDriver.findElementByXPath(RemoteWebDriver.java:500)
	at org.openqa.selenium.By$ByXPath.findElement(By.java:361)
	at org.openqa.selenium.remote.RemoteWebDriver.findElement(RemoteWebDriver.java:355)
	at utilities.AllMethod.selectTextFromComboByVisibleTextUseBy(AllMethod.java:245)
	at pageObject.NavigateToOtherPage.navigateToAccountCreatePage(NavigateToOtherPage.java:39)
	at testCase.TestCaseForCreateMemberAcWithLogin.navigateToAccountPage(TestCaseForCreateMemberAcWithLogin.java:41)
	at sun.reflect.NativeMethodAccessorImpl.invoke0(Native Method)
	at sun.reflect.NativeMethodAccessorImpl.invoke(Unknown Source)
	at sun.reflect.DelegatingMethodAccessorImpl.invoke(Unknown Source)
	at java.lang.reflect.Method.invoke(Unknown Source)
	at org.testng.internal.MethodInvocationHelper.invokeMethod(MethodInvocationHelper.java:84)
	at org.testng.internal.Invoker.invokeMethod(Invoker.java:714)
	at org.testng.internal.Invoker.invokeTestMethod(Invoker.java:901)
	at org.testng.internal.Invoker.invokeTestMethods(Invoker.java:1231)
	at org.testng.internal.TestMethodWorker.invokeTestMethods(TestMethodWorker.java:127)
	at org.testng.internal.TestMethodWorker.run(TestMethodWorker.java:111)
	at org.testng.TestRunner.privateRun(TestRunner.java:767)
	at org.testng.TestRunner.run(TestRunner.java:617)
	at org.testng.SuiteRunner.runTest(SuiteRunner.java:334)
	at org.testng.SuiteRunner.runSequentially(SuiteRunner.java:329)
	at org.testng.SuiteRunner.privateRun(SuiteRunner.java:291)
	at org.testng.SuiteRunner.run(SuiteRunner.java:240)
	at org.testng.SuiteRunnerWorker.runSuite(SuiteRunnerWorker.java:52)
	at org.testng.SuiteRunnerWorker.run(SuiteRunnerWorker.java:86)
	at org.testng.TestNG.runSuitesSequentially(TestNG.java:1224)
	at org.testng.TestNG.runSuitesLocally(TestNG.java:1149)
	at org.testng.TestNG.run(TestNG.java:1057)
	at org.testng.remote.RemoteTestNG.run(RemoteTestNG.java:111)
	at org.testng.remote.RemoteTestNG.initAndRun(RemoteTestNG.java:204)
	at org.testng.remote.RemoteTestNG.main(RemoteTestNG.java:175)
Caused by: org.openqa.selenium.NoSuchElementException: Unable to locate element: {&quot;method&quot;:&quot;xpath&quot;,&quot;selector&quot;:&quot;.//*[@id=&apos;p3&apos;]&quot;}
For documentation on this error, please visit: http://seleniumhq.org/exceptions/no_such_element.html
Build info: version: &apos;2.49.1&apos;, revision: &apos;b41a073&apos;, time: &apos;2016-01-21 17:32:24&apos;
System info: host: &apos;01250LT2368&apos;, ip: &apos;10.8.44.162&apos;, os.name: &apos;Windows 7&apos;, os.arch: &apos;x86&apos;, os.version: &apos;6.1&apos;, java.version: &apos;1.8.0_60&apos;
Driver info: driver.version: unknown
	at &lt;anonymous class&gt;.FirefoxDriver.prototype.findElementInternal_(file:///C:/Users/jakther/AppData/Local/Temp/anonymous8129824912121244097webdriver-profile/extensions/fxdriver@googlecode.com/components/driver-component.js:10681)
	at &lt;anonymous class&gt;.fxdriver.Timer.prototype.setTimeout/&lt;.notify(file:///C:/Users/jakther/AppData/Local/Temp/anonymous8129824912121244097webdriver-profile/extensions/fxdriver@googlecode.com/components/driver-component.js:623)
</pre></div></td>
<td>32</td>
<td>testCase.TestCaseForCreateMemberAcWithLogin@1b554cc</td></tr>
</table><p>
<table width='100%' border='1' class='invocation-passed'>
<tr><td colspan='4' align='center'><b>PASSED TESTS</b></td></tr>
<tr><td><b>Test method</b></td>
<td width="30%"><b>Exception</b></td>
<td width="10%"><b>Time (seconds)</b></td>
<td><b>Instance</b></td>
</tr>
<tr>
<td title='testCase.TestCaseForCreateIndiviualProviderAc.EmailVerify()'><b>EmailVerify</b><br>Test class: testCase.TestCaseForCreateIndiviualProviderAc</td>
<td></td>
<td>1</td>
<td>testCase.TestCaseForCreateIndiviualProviderAc@1f2a3a5</td></tr>
<tr>
<td title='testCase.TestCaseForCreateReferralSourceAc.accNameVerify()'><b>accNameVerify</b><br>Test class: testCase.TestCaseForCreateReferralSourceAc</td>
<td></td>
<td>3</td>
<td>testCase.TestCaseForCreateReferralSourceAc@addb54</td></tr>
<tr>
<td title='testCase.TestCaseForCreateIndiviualProviderAc.blankSubmit()'><b>blankSubmit</b><br>Test class: testCase.TestCaseForCreateIndiviualProviderAc</td>
<td></td>
<td>3</td>
<td>testCase.TestCaseForCreateIndiviualProviderAc@1f2a3a5</td></tr>
<tr>
<td title='testCase.TestCaseForCreateNonIndiviualProviderAc.blankSubmit()'><b>blankSubmit</b><br>Test class: testCase.TestCaseForCreateNonIndiviualProviderAc</td>
<td></td>
<td>3</td>
<td>testCase.TestCaseForCreateNonIndiviualProviderAc@b2c100</td></tr>
<tr>
<td title='testCase.TestCaseForCreateReferralSourceAc.blankSubmit()'><b>blankSubmit</b><br>Test class: testCase.TestCaseForCreateReferralSourceAc</td>
<td></td>
<td>3</td>
<td>testCase.TestCaseForCreateReferralSourceAc@addb54</td></tr>
<tr>
<td title='testCase.TestCaseForCreateMemberAcWithLogin.createAMemberAcWithValidData()'><b>createAMemberAcWithValidData</b><br>Test class: testCase.TestCaseForCreateMemberAcWithLogin</td>
<td></td>
<td>3</td>
<td>testCase.TestCaseForCreateMemberAcWithLogin@1b554cc</td></tr>
<tr>
<td title='testCase.TestCaseForCreateIndiviualProviderAc.createANewAcc()'><b>createANewAcc</b><br>Test class: testCase.TestCaseForCreateIndiviualProviderAc</td>
<td></td>
<td>2</td>
<td>testCase.TestCaseForCreateIndiviualProviderAc@1f2a3a5</td></tr>
<tr>
<td title='testCase.TestCaseForCreateMemberAcWithLogin.enterInvalidDate()'><b>enterInvalidDate</b><br>Test class: testCase.TestCaseForCreateMemberAcWithLogin</td>
<td></td>
<td>29</td>
<td>testCase.TestCaseForCreateMemberAcWithLogin@1b554cc</td></tr>
<tr>
<td title='testCase.TestCaseForCreateMemberAcWithLogin.enterInvalidEmail()'><b>enterInvalidEmail</b><br>Test class: testCase.TestCaseForCreateMemberAcWithLogin</td>
<td></td>
<td>1</td>
<td>testCase.TestCaseForCreateMemberAcWithLogin@1b554cc</td></tr>
<tr>
<td title='testCase.TestCaseForCreateIndiviualProviderAc.lastNameVerify()'><b>lastNameVerify</b><br>Test class: testCase.TestCaseForCreateIndiviualProviderAc</td>
<td></td>
<td>1</td>
<td>testCase.TestCaseForCreateIndiviualProviderAc@1f2a3a5</td></tr>
<tr>
<td title='testCase.TestCaseForLogin.logIn()'><b>logIn</b><br>Test class: testCase.TestCaseForLogin</td>
<td></td>
<td>7</td>
<td>testCase.TestCaseForLogin@14c5515</td></tr>
<tr>
<td title='testCase.TestCaseForCreateMemberAcWithLogin.loginIntoApplication()'><b>loginIntoApplication</b><br>Test class: testCase.TestCaseForCreateMemberAcWithLogin</td>
<td></td>
<td>2</td>
<td>testCase.TestCaseForCreateMemberAcWithLogin@1b554cc</td></tr>
<tr>
<td title='testCase.TestCaseForLogin.logout()'><b>logout</b><br>Test class: testCase.TestCaseForLogin</td>
<td></td>
<td>0</td>
<td>testCase.TestCaseForLogin@14c5515</td></tr>
<tr>
<td title='testCase.TestCaseForCreateReferralSourceAc.phoneNumberVerify()'><b>phoneNumberVerify</b><br>Test class: testCase.TestCaseForCreateReferralSourceAc</td>
<td></td>
<td>6</td>
<td>testCase.TestCaseForCreateReferralSourceAc@addb54</td></tr>
<tr>
<td title='testCase.TestCaseForLogin.validLogin()'><b>validLogin</b><br>Test class: testCase.TestCaseForLogin</td>
<td></td>
<td>0</td>
<td>testCase.TestCaseForLogin@14c5515</td></tr>
<tr>
<td title='testCase.TestCaseForCreateIndiviualProviderAc.validLoginForNewAcCreate()'><b>validLoginForNewAcCreate</b><br>Test class: testCase.TestCaseForCreateIndiviualProviderAc</td>
<td></td>
<td>12</td>
<td>testCase.TestCaseForCreateIndiviualProviderAc@1f2a3a5</td></tr>
<tr>
<td title='testCase.TestCaseForCreateNonIndiviualProviderAc.validLoginForNewAcCreate()'><b>validLoginForNewAcCreate</b><br>Test class: testCase.TestCaseForCreateNonIndiviualProviderAc</td>
<td></td>
<td>12</td>
<td>testCase.TestCaseForCreateNonIndiviualProviderAc@b2c100</td></tr>
<tr>
<td title='testCase.TestCaseForCreateReferralSourceAc.validLoginForNewAcCreate()'><b>validLoginForNewAcCreate</b><br>Test class: testCase.TestCaseForCreateReferralSourceAc</td>
<td></td>
<td>9</td>
<td>testCase.TestCaseForCreateReferralSourceAc@addb54</td></tr>
<tr>
<td title='testCase.TestCaseForCreateReferralSourceAc.verifyEmail()'><b>verifyEmail</b><br>Test class: testCase.TestCaseForCreateReferralSourceAc</td>
<td></td>
<td>6</td>
<td>testCase.TestCaseForCreateReferralSourceAc@addb54</td></tr>
<tr>
<td title='testCase.TestCaseForLogin.verifyInvalidID()'><b>verifyInvalidID</b><br>Test class: testCase.TestCaseForLogin</td>
<td></td>
<td>0</td>
<td>testCase.TestCaseForLogin@14c5515</td></tr>
<tr>
<td title='testCase.TestCaseForLogin.verifyInvalidIDBlank()'><b>verifyInvalidIDBlank</b><br>Test class: testCase.TestCaseForLogin</td>
<td></td>
<td>1</td>
<td>testCase.TestCaseForLogin@14c5515</td></tr>
<tr>
<td title='testCase.TestCaseForLogin.verifyInvalidPassword()'><b>verifyInvalidPassword</b><br>Test class: testCase.TestCaseForLogin</td>
<td></td>
<td>1</td>
<td>testCase.TestCaseForLogin@14c5515</td></tr>
<tr>
<td title='testCase.TestCaseForLogin.verifyRemebarMeCheckBox()'><b>verifyRemebarMeCheckBox</b><br>Test class: testCase.TestCaseForLogin</td>
<td></td>
<td>0</td>
<td>testCase.TestCaseForLogin@14c5515</td></tr>
<tr>
<td title='testCase.TestCaseForLogin.verifyTitle()'><b>verifyTitle</b><br>Test class: testCase.TestCaseForLogin</td>
<td></td>
<td>0</td>
<td>testCase.TestCaseForLogin@14c5515</td></tr>
</table><p>
</body>
</html>