<!DOCTYPE html PUBLIC "-//W3C//DTD XHTML 1.1//EN" "http://www.w3.org/TR/xhtml11/DTD/xhtml11.dtd">
<html xmlns="http://www.w3.org/1999/xhtml"><head><title>TestNG Report</title><style type="text/css">table {margin-bottom:10px;border-collapse:collapse;empty-cells:show}th,td {border:1px solid #009;padding:.25em .5em}th {vertical-align:bottom}td {vertical-align:top}table a {font-weight:bold}.stripe td {background-color: #E6EBF9}.num {text-align:right}.passedodd td {background-color: #3F3}.passedeven td {background-color: #0A0}.skippedodd td {background-color: #DDD}.skippedeven td {background-color: #CCC}.failedodd td,.attn {background-color: #F33}.failedeven td,.stripe .attn {background-color: #D00}.stacktrace {white-space:pre;font-family:monospace}.totop {font-size:85%;text-align:center;border-bottom:2px solid #000}</style></head><body><table><tr><th>Test</th><th># Passed</th><th># Skipped</th><th># Failed</th><th>Time (ms)</th><th>Included Groups</th><th>Excluded Groups</th></tr><tr><th colspan="7">Suite</th></tr><tr><td><a href="#t0">Test1</a></td><td class="num">27</td><td class="num">0</td><td class="num">0</td><td class="num">118,607</td><td></td><td></td></tr><tr class="stripe"><td><a href="#t1">Test2</a></td><td class="num">24</td><td class="num">0</td><td class="num attn">3</td><td class="num">220,503</td><td></td><td></td></tr><tr><td><a href="#t2">Test3</a></td><td class="num">18</td><td class="num">0</td><td class="num attn">9</td><td class="num">374,400</td><td></td><td></td></tr><tr><th>Total</th><th class="num">69</th><th class="num">0</th><th class="num attn">12</th><th class="num">713,510</th><th colspan="2"></th></tr></table><table><thead><tr><th>Class</th><th>Method</th><th>Start</th><th>Time (ms)</th></tr></thead><tbody><tr><th colspan="4">Suite</th></tr></tbody><tbody id="t0"><tr><th colspan="4">Test1 &#8212; passed</th></tr><tr class="passedeven"><td rowspan="5">testCase.TestCaseForCreateIndiviualProviderAc</td><td><a href="#m0">EmailVerify</a></td><td rowspan="1">1454348438353</td><td rowspan="1">1031</td></tr><tr class="passedeven"><td><a href="#m1">blankSubmit</a></td><td rowspan="1">1454348434032</td><td rowspan="1">3291</td></tr><tr class="passedeven"><td><a href="#m2">createANewAcc</a></td><td rowspan="1">1454348439385</td><td rowspan="1">3906</td></tr><tr class="passedeven"><td><a href="#m3">lastNameVerify</a></td><td rowspan="1">1454348437323</td><td rowspan="1">1030</td></tr><tr class="passedeven"><td><a href="#m4">validLoginForNewAcCreate</a></td><td rowspan="1">1454348423397</td><td rowspan="1">10635</td></tr><tr class="passedodd"><td rowspan="7">testCase.TestCaseForCreateMemberAcWithLogin</td><td><a href="#m5">createAMemberAcWithValidData</a></td><td rowspan="1">1454348415719</td><td rowspan="1">7678</td></tr><tr class="passedodd"><td><a href="#m6">enterBlankDataIntoMemberAc</a></td><td rowspan="1">1454348409294</td><td rowspan="1">2012</td></tr><tr class="passedodd"><td><a href="#m7">enterInvalidDate</a></td><td rowspan="1">1454348412689</td><td rowspan="1">1526</td></tr><tr class="passedodd"><td><a href="#m8">enterInvalidEmail</a></td><td rowspan="1">1454348414215</td><td rowspan="1">1503</td></tr><tr class="passedodd"><td><a href="#m9">enterInvalidSsn</a></td><td rowspan="1">1454348411307</td><td rowspan="1">1381</td></tr><tr class="passedodd"><td><a href="#m10">loginIntoApplication</a></td><td rowspan="1">1454348398347</td><td rowspan="1">2457</td></tr><tr class="passedodd"><td><a href="#m11">navigateToAccountPage</a></td><td rowspan="1">1454348400804</td><td rowspan="1">8490</td></tr><tr class="passedeven"><td rowspan="2">testCase.TestCaseForCreateNonIndiviualProviderAc</td><td><a href="#m12">blankSubmit</a></td><td rowspan="1">1454348452860</td><td rowspan="1">3296</td></tr><tr class="passedeven"><td><a href="#m13">validLoginForNewAcCreate</a></td><td rowspan="1">1454348443291</td><td rowspan="1">9562</td></tr><tr class="passedodd"><td rowspan="5">testCase.TestCaseForCreateReferralSourceAc</td><td><a href="#m14">accNameVerify</a></td><td rowspan="1">1454348468413</td><td rowspan="1">3718</td></tr><tr class="passedodd"><td><a href="#m15">blankSubmit</a></td><td rowspan="1">1454348465630</td><td rowspan="1">2782</td></tr><tr class="passedodd"><td><a href="#m16">phoneNumberVerify</a></td><td rowspan="1">1454348472131</td><td rowspan="1">7385</td></tr><tr class="passedodd"><td><a href="#m17">validLoginForNewAcCreate</a></td><td rowspan="1">1454348456156</td><td rowspan="1">9473</td></tr><tr class="passedodd"><td><a href="#m18">verifyEmail</a></td><td rowspan="1">1454348479516</td><td rowspan="1">6686</td></tr><tr class="passedeven"><td rowspan="8">testCase.TestCaseForLogin</td><td><a href="#m19">logIn</a></td><td rowspan="1">1454348387690</td><td rowspan="1">9765</td></tr><tr class="passedeven"><td><a href="#m20">logout</a></td><td rowspan="1">1454348397706</td><td rowspan="1">639</td></tr><tr class="passedeven"><td><a href="#m21">validLogin</a></td><td rowspan="1">1454348386006</td><td rowspan="1">693</td></tr><tr class="passedeven"><td><a href="#m22">verifyInvalidID</a></td><td rowspan="1">1454348379636</td><td rowspan="1">2813</td></tr><tr class="passedeven"><td><a href="#m23">verifyInvalidIDBlank</a></td><td rowspan="1">1454348376783</td><td rowspan="1">2852</td></tr><tr class="passedeven"><td><a href="#m24">verifyInvalidPassword</a></td><td rowspan="1">1454348382449</td><td rowspan="1">3556</td></tr><tr class="passedeven"><td><a href="#m25">verifyRemebarMeCheckBox</a></td><td rowspan="1">1454348386699</td><td rowspan="1">990</td></tr><tr class="passedeven"><td><a href="#m26">verifyTitle</a></td><td rowspan="1">1454348397456</td><td rowspan="1">250</td></tr></tbody><tbody id="t1"><tr><th colspan="4">Test2 &#8212; failed</th></tr><tr class="failedeven"><td rowspan="3">testCase.TestCaseForCreateMemberAcWithLogin</td><td><a href="#m27">enterBlankDataIntoMemberAc</a></td><td rowspan="1">1454348545284</td><td rowspan="1">30243</td></tr><tr class="failedeven"><td><a href="#m28">enterInvalidSsn</a></td><td rowspan="1">1454348575532</td><td rowspan="1">30134</td></tr><tr class="failedeven"><td><a href="#m29">navigateToAccountPage</a></td><td rowspan="1">1454348512379</td><td rowspan="1">32880</td></tr><tr><th colspan="4">Test2 &#8212; passed</th></tr><tr class="passedeven"><td rowspan="5">testCase.TestCaseForCreateIndiviualProviderAc</td><td><a href="#m30">EmailVerify</a></td><td rowspan="1">1454348657704</td><td rowspan="1">1283</td></tr><tr class="passedeven"><td><a href="#m31">blankSubmit</a></td><td rowspan="1">1454348652930</td><td rowspan="1">3196</td></tr><tr class="passedeven"><td><a href="#m32">createANewAcc</a></td><td rowspan="1">1454348658987</td><td rowspan="1">2930</td></tr><tr class="passedeven"><td><a href="#m33">lastNameVerify</a></td><td rowspan="1">1454348656126</td><td rowspan="1">1578</td></tr><tr class="passedeven"><td><a href="#m34">validLoginForNewAcCreate</a></td><td rowspan="1">1454348640874</td><td rowspan="1">12055</td></tr><tr class="passedodd"><td rowspan="4">testCase.TestCaseForCreateMemberAcWithLogin</td><td><a href="#m35">createAMemberAcWithValidData</a></td><td rowspan="1">1454348636998</td><td rowspan="1">3875</td></tr><tr class="passedodd"><td><a href="#m36">enterInvalidDate</a></td><td rowspan="1">1454348605671</td><td rowspan="1">29542</td></tr><tr class="passedodd"><td><a href="#m37">enterInvalidEmail</a></td><td rowspan="1">1454348635214</td><td rowspan="1">1784</td></tr><tr class="passedodd"><td><a href="#m38">loginIntoApplication</a></td><td rowspan="1">1454348510199</td><td rowspan="1">2180</td></tr><tr class="passedeven"><td rowspan="2">testCase.TestCaseForCreateNonIndiviualProviderAc</td><td><a href="#m39">blankSubmit</a></td><td rowspan="1">1454348674363</td><td rowspan="1">3514</td></tr><tr class="passedeven"><td><a href="#m40">validLoginForNewAcCreate</a></td><td rowspan="1">1454348661917</td><td rowspan="1">12446</td></tr><tr class="passedodd"><td rowspan="5">testCase.TestCaseForCreateReferralSourceAc</td><td><a href="#m41">accNameVerify</a></td><td rowspan="1">1454348690449</td><td rowspan="1">3920</td></tr><tr class="passedodd"><td><a href="#m42">blankSubmit</a></td><td rowspan="1">1454348687411</td><td rowspan="1">3038</td></tr><tr class="passedodd"><td><a href="#m43">phoneNumberVerify</a></td><td rowspan="1">1454348694369</td><td rowspan="1">6368</td></tr><tr class="passedodd"><td><a href="#m44">validLoginForNewAcCreate</a></td><td rowspan="1">1454348677878</td><td rowspan="1">9533</td></tr><tr class="passedodd"><td><a href="#m45">verifyEmail</a></td><td rowspan="1">1454348700738</td><td rowspan="1">6256</td></tr><tr class="passedeven"><td rowspan="8">testCase.TestCaseForLogin</td><td><a href="#m46">logIn</a></td><td rowspan="1">1454348502071</td><td rowspan="1">7391</td></tr><tr class="passedeven"><td><a href="#m47">logout</a></td><td rowspan="1">1454348509675</td><td rowspan="1">522</td></tr><tr class="passedeven"><td><a href="#m48">validLogin</a></td><td rowspan="1">1454348501039</td><td rowspan="1">578</td></tr><tr class="passedeven"><td><a href="#m49">verifyInvalidID</a></td><td rowspan="1">1454348499106</td><td rowspan="1">848</td></tr><tr class="passedeven"><td><a href="#m50">verifyInvalidIDBlank</a></td><td rowspan="1">1454348497868</td><td rowspan="1">1238</td></tr><tr class="passedeven"><td><a href="#m51">verifyInvalidPassword</a></td><td rowspan="1">1454348499954</td><td rowspan="1">1085</td></tr><tr class="passedeven"><td><a href="#m52">verifyRemebarMeCheckBox</a></td><td rowspan="1">1454348501618</td><td rowspan="1">453</td></tr><tr class="passedeven"><td><a href="#m53">verifyTitle</a></td><td rowspan="1">1454348509462</td><td rowspan="1">213</td></tr></tbody><tbody id="t2"><tr><th colspan="4">Test3 &#8212; failed</th></tr><tr class="failedeven"><td rowspan="5">testCase.TestCaseForCreateIndiviualProviderAc</td><td><a href="#m54">EmailVerify</a></td><td rowspan="1">1454348897138</td><td rowspan="1">30285</td></tr><tr class="failedeven"><td><a href="#m55">blankSubmit</a></td><td rowspan="1">1454348836615</td><td rowspan="1">30251</td></tr><tr class="failedeven"><td><a href="#m56">createANewAcc</a></td><td rowspan="1">1454348927427</td><td rowspan="1">30123</td></tr><tr class="failedeven"><td><a href="#m57">lastNameVerify</a></td><td rowspan="1">1454348866870</td><td rowspan="1">30263</td></tr><tr class="failedeven"><td><a href="#m58">validLoginForNewAcCreate</a></td><td rowspan="1">1454348831889</td><td rowspan="1">4723</td></tr><tr class="failedodd"><td rowspan="4">testCase.TestCaseForCreateReferralSourceAc</td><td><a href="#m59">accNameVerify</a></td><td rowspan="1">1454349008440</td><td rowspan="1">30290</td></tr><tr class="failedodd"><td><a href="#m60">blankSubmit</a></td><td rowspan="1">1454348978115</td><td rowspan="1">30319</td></tr><tr class="failedodd"><td><a href="#m61">phoneNumberVerify</a></td><td rowspan="1">1454349038734</td><td rowspan="1">30177</td></tr><tr class="failedodd"><td><a href="#m62">validLoginForNewAcCreate</a></td><td rowspan="1">1454348973414</td><td rowspan="1">4699</td></tr><tr><th colspan="4">Test3 &#8212; passed</th></tr><tr class="passedeven"><td rowspan="7">testCase.TestCaseForCreateMemberAcWithLogin</td><td><a href="#m63">createAMemberAcWithValidData</a></td><td rowspan="1">1454348816772</td><td rowspan="1">15115</td></tr><tr class="passedeven"><td><a href="#m64">enterBlankDataIntoMemberAc</a></td><td rowspan="1">1454348777991</td><td rowspan="1">2611</td></tr><tr class="passedeven"><td><a href="#m65">enterInvalidDate</a></td><td rowspan="1">1454348790085</td><td rowspan="1">13283</td></tr><tr class="passedeven"><td><a href="#m66">enterInvalidEmail</a></td><td rowspan="1">1454348803369</td><td rowspan="1">13402</td></tr><tr class="passedeven"><td><a href="#m67">enterInvalidSsn</a></td><td rowspan="1">1454348780603</td><td rowspan="1">9481</td></tr><tr class="passedeven"><td><a href="#m68">loginIntoApplication</a></td><td rowspan="1">1454348758485</td><td rowspan="1">12155</td></tr><tr class="passedeven"><td><a href="#m69">navigateToAccountPage</a></td><td rowspan="1">1454348770641</td><td rowspan="1">7349</td></tr><tr class="passedodd"><td rowspan="2">testCase.TestCaseForCreateNonIndiviualProviderAc</td><td><a href="#m70">blankSubmit</a></td><td rowspan="1">1454348968920</td><td rowspan="1">4492</td></tr><tr class="passedodd"><td><a href="#m71">validLoginForNewAcCreate</a></td><td rowspan="1">1454348957555</td><td rowspan="1">11364</td></tr><tr class="passedeven"><td rowspan="1">testCase.TestCaseForCreateReferralSourceAc</td><td><a href="#m72">verifyEmail</a></td><td rowspan="1">1454349068915</td><td rowspan="1">12539</td></tr><tr class="passedodd"><td rowspan="8">testCase.TestCaseForLogin</td><td><a href="#m73">logIn</a></td><td rowspan="1">1454348736708</td><td rowspan="1">9595</td></tr><tr class="passedodd"><td><a href="#m74">logout</a></td><td rowspan="1">1454348746901</td><td rowspan="1">11584</td></tr><tr class="passedodd"><td><a href="#m75">validLogin</a></td><td rowspan="1">1454348732130</td><td rowspan="1">2597</td></tr><tr class="passedodd"><td><a href="#m76">verifyInvalidID</a></td><td rowspan="1">1454348722291</td><td rowspan="1">4856</td></tr><tr class="passedodd"><td><a href="#m77">verifyInvalidIDBlank</a></td><td rowspan="1">1454348718052</td><td rowspan="1">4238</td></tr><tr class="passedodd"><td><a href="#m78">verifyInvalidPassword</a></td><td rowspan="1">1454348727148</td><td rowspan="1">4981</td></tr><tr class="passedodd"><td><a href="#m79">verifyRemebarMeCheckBox</a></td><td rowspan="1">1454348734728</td><td rowspan="1">1980</td></tr><tr class="passedodd"><td><a href="#m80">verifyTitle</a></td><td rowspan="1">1454348746304</td><td rowspan="1">597</td></tr></tbody></table><h2>Test1</h2><h3 id="m0">testCase.TestCaseForCreateIndiviualProviderAc#EmailVerify</h3><table class="result"></table><p class="totop"><a href="#summary">back to summary</a></p><h3 id="m1">testCase.TestCaseForCreateIndiviualProviderAc#blankSubmit</h3><table class="result"></table><p class="totop"><a href="#summary">back to summary</a></p><h3 id="m2">testCase.TestCaseForCreateIndiviualProviderAc#createANewAcc</h3><table class="result"></table><p class="totop"><a href="#summary">back to summary</a></p><h3 id="m3">testCase.TestCaseForCreateIndiviualProviderAc#lastNameVerify</h3><table class="result"></table><p class="totop"><a href="#summary">back to summary</a></p><h3 id="m4">testCase.TestCaseForCreateIndiviualProviderAc#validLoginForNewAcCreate</h3><table class="result"></table><p class="totop"><a href="#summary">back to summary</a></p><h3 id="m5">testCase.TestCaseForCreateMemberAcWithLogin#createAMemberAcWithValidData</h3><table class="result"></table><p class="totop"><a href="#summary">back to summary</a></p><h3 id="m6">testCase.TestCaseForCreateMemberAcWithLogin#enterBlankDataIntoMemberAc</h3><table class="result"></table><p class="totop"><a href="#summary">back to summary</a></p><h3 id="m7">testCase.TestCaseForCreateMemberAcWithLogin#enterInvalidDate</h3><table class="result"></table><p class="totop"><a href="#summary">back to summary</a></p><h3 id="m8">testCase.TestCaseForCreateMemberAcWithLogin#enterInvalidEmail</h3><table class="result"></table><p class="totop"><a href="#summary">back to summary</a></p><h3 id="m9">testCase.TestCaseForCreateMemberAcWithLogin#enterInvalidSsn</h3><table class="result"></table><p class="totop"><a href="#summary">back to summary</a></p><h3 id="m10">testCase.TestCaseForCreateMemberAcWithLogin#loginIntoApplication</h3><table class="result"></table><p class="totop"><a href="#summary">back to summary</a></p><h3 id="m11">testCase.TestCaseForCreateMemberAcWithLogin#navigateToAccountPage</h3><table class="result"></table><p class="totop"><a href="#summary">back to summary</a></p><h3 id="m12">testCase.TestCaseForCreateNonIndiviualProviderAc#blankSubmit</h3><table class="result"></table><p class="totop"><a href="#summary">back to summary</a></p><h3 id="m13">testCase.TestCaseForCreateNonIndiviualProviderAc#validLoginForNewAcCreate</h3><table class="result"></table><p class="totop"><a href="#summary">back to summary</a></p><h3 id="m14">testCase.TestCaseForCreateReferralSourceAc#accNameVerify</h3><table class="result"></table><p class="totop"><a href="#summary">back to summary</a></p><h3 id="m15">testCase.TestCaseForCreateReferralSourceAc#blankSubmit</h3><table class="result"></table><p class="totop"><a href="#summary">back to summary</a></p><h3 id="m16">testCase.TestCaseForCreateReferralSourceAc#phoneNumberVerify</h3><table class="result"></table><p class="totop"><a href="#summary">back to summary</a></p><h3 id="m17">testCase.TestCaseForCreateReferralSourceAc#validLoginForNewAcCreate</h3><table class="result"></table><p class="totop"><a href="#summary">back to summary</a></p><h3 id="m18">testCase.TestCaseForCreateReferralSourceAc#verifyEmail</h3><table class="result"></table><p class="totop"><a href="#summary">back to summary</a></p><h3 id="m19">testCase.TestCaseForLogin#logIn</h3><table class="result"></table><p class="totop"><a href="#summary">back to summary</a></p><h3 id="m20">testCase.TestCaseForLogin#logout</h3><table class="result"></table><p class="totop"><a href="#summary">back to summary</a></p><h3 id="m21">testCase.TestCaseForLogin#validLogin</h3><table class="result"></table><p class="totop"><a href="#summary">back to summary</a></p><h3 id="m22">testCase.TestCaseForLogin#verifyInvalidID</h3><table class="result"></table><p class="totop"><a href="#summary">back to summary</a></p><h3 id="m23">testCase.TestCaseForLogin#verifyInvalidIDBlank</h3><table class="result"></table><p class="totop"><a href="#summary">back to summary</a></p><h3 id="m24">testCase.TestCaseForLogin#verifyInvalidPassword</h3><table class="result"></table><p class="totop"><a href="#summary">back to summary</a></p><h3 id="m25">testCase.TestCaseForLogin#verifyRemebarMeCheckBox</h3><table class="result"></table><p class="totop"><a href="#summary">back to summary</a></p><h3 id="m26">testCase.TestCaseForLogin#verifyTitle</h3><table class="result"></table><p class="totop"><a href="#summary">back to summary</a></p><h2>Test2</h2><h3 id="m27">testCase.TestCaseForCreateMemberAcWithLogin#enterBlankDataIntoMemberAc</h3><table class="result"><tr><th>Exception</th></tr><tr><td><div class="stacktrace">org.openqa.selenium.NoSuchElementException: Unable to locate element: {&quot;method&quot;:&quot;xpath&quot;,&quot;selector&quot;:&quot;.//*[@id=&apos;topButtonRow&apos;]/input[1]&quot;}
Command duration or timeout: 30.02 seconds
For documentation on this error, please visit: http://seleniumhq.org/exceptions/no_such_element.html
Build info: version: &apos;2.49.1&apos;, revision: &apos;b41a073&apos;, time: &apos;2016-01-21 17:32:24&apos;
System info: host: &apos;01250LT2368&apos;, ip: &apos;10.8.44.162&apos;, os.name: &apos;Windows 7&apos;, os.arch: &apos;x86&apos;, os.version: &apos;6.1&apos;, java.version: &apos;1.8.0_60&apos;
Driver info: org.openqa.selenium.firefox.FirefoxDriver
Capabilities [{applicationCacheEnabled=true, rotatable=false, handlesAlerts=true, databaseEnabled=true, version=40.0.3, platform=WINDOWS, nativeEvents=false, acceptSslCerts=true, webStorageEnabled=true, locationContextEnabled=true, browserName=firefox, takesScreenshot=true, javascriptEnabled=true, cssSelectorsEnabled=true}]
Session ID: 60a234a2-530a-4f27-8511-4664960260dd
*** Element info: {Using=xpath, value=.//*[@id=&apos;topButtonRow&apos;]/input[1]}
	at org.openqa.selenium.remote.ErrorHandler.createThrowable(ErrorHandler.java:206)
	at org.openqa.selenium.remote.ErrorHandler.throwIfResponseFailed(ErrorHandler.java:158)
	at org.openqa.selenium.remote.RemoteWebDriver.execute(RemoteWebDriver.java:678)
	at org.openqa.selenium.remote.RemoteWebDriver.findElement(RemoteWebDriver.java:363)
	at org.openqa.selenium.remote.RemoteWebDriver.findElementByXPath(RemoteWebDriver.java:500)
	at org.openqa.selenium.By$ByXPath.findElement(By.java:361)
	at org.openqa.selenium.remote.RemoteWebDriver.findElement(RemoteWebDriver.java:355)
	at testCase.TestCaseForCreateMemberAcWithLogin.enterBlankDataIntoMemberAc(TestCaseForCreateMemberAcWithLogin.java:61)
Caused by: org.openqa.selenium.NoSuchElementException: Unable to locate element: {&quot;method&quot;:&quot;xpath&quot;,&quot;selector&quot;:&quot;.//*[@id=&apos;topButtonRow&apos;]/input[1]&quot;}
For documentation on this error, please visit: http://seleniumhq.org/exceptions/no_such_element.html
Build info: version: &apos;2.49.1&apos;, revision: &apos;b41a073&apos;, time: &apos;2016-01-21 17:32:24&apos;
System info: host: &apos;01250LT2368&apos;, ip: &apos;10.8.44.162&apos;, os.name: &apos;Windows 7&apos;, os.arch: &apos;x86&apos;, os.version: &apos;6.1&apos;, java.version: &apos;1.8.0_60&apos;
Driver info: driver.version: unknown
	at &lt;anonymous class&gt;.FirefoxDriver.prototype.findElementInternal_(file:///C:/Users/jakther/AppData/Local/Temp/anonymous8129824912121244097webdriver-profile/extensions/fxdriver@googlecode.com/components/driver-component.js:10681)
	at &lt;anonymous class&gt;.fxdriver.Timer.prototype.setTimeout/&lt;.notify(file:///C:/Users/jakther/AppData/Local/Temp/anonymous8129824912121244097webdriver-profile/extensions/fxdriver@googlecode.com/components/driver-component.js:623)
... Removed 28 stack frames</div></td></tr></table><p class="totop"><a href="#summary">back to summary</a></p><h3 id="m28">testCase.TestCaseForCreateMemberAcWithLogin#enterInvalidSsn</h3><table class="result"><tr><th>Exception</th></tr><tr><td><div class="stacktrace">org.openqa.selenium.NoSuchElementException: Unable to locate element: {&quot;method&quot;:&quot;xpath&quot;,&quot;selector&quot;:&quot;.//*[@id=&apos;00NF000000D2YFo&apos;]&quot;}
Command duration or timeout: 30.11 seconds
For documentation on this error, please visit: http://seleniumhq.org/exceptions/no_such_element.html
Build info: version: &apos;2.49.1&apos;, revision: &apos;b41a073&apos;, time: &apos;2016-01-21 17:32:24&apos;
System info: host: &apos;01250LT2368&apos;, ip: &apos;10.8.44.162&apos;, os.name: &apos;Windows 7&apos;, os.arch: &apos;x86&apos;, os.version: &apos;6.1&apos;, java.version: &apos;1.8.0_60&apos;
Driver info: org.openqa.selenium.firefox.FirefoxDriver
Capabilities [{applicationCacheEnabled=true, rotatable=false, handlesAlerts=true, databaseEnabled=true, version=40.0.3, platform=WINDOWS, nativeEvents=false, acceptSslCerts=true, webStorageEnabled=true, locationContextEnabled=true, browserName=firefox, takesScreenshot=true, javascriptEnabled=true, cssSelectorsEnabled=true}]
Session ID: 60a234a2-530a-4f27-8511-4664960260dd
*** Element info: {Using=xpath, value=.//*[@id=&apos;00NF000000D2YFo&apos;]}
	at org.openqa.selenium.remote.ErrorHandler.createThrowable(ErrorHandler.java:206)
	at org.openqa.selenium.remote.ErrorHandler.throwIfResponseFailed(ErrorHandler.java:158)
	at org.openqa.selenium.remote.RemoteWebDriver.execute(RemoteWebDriver.java:678)
	at org.openqa.selenium.remote.RemoteWebDriver.findElement(RemoteWebDriver.java:363)
	at org.openqa.selenium.remote.RemoteWebDriver.findElementByXPath(RemoteWebDriver.java:500)
	at org.openqa.selenium.By$ByXPath.findElement(By.java:361)
	at org.openqa.selenium.remote.RemoteWebDriver.findElement(RemoteWebDriver.java:355)
	at utilities.AllMethod.useSendkeys(AllMethod.java:59)
	at utilities.AllMethod.enterDataOnTheMembarAcc(AllMethod.java:156)
	at testCase.TestCaseForCreateMemberAcWithLogin.enterInvalidSsn(TestCaseForCreateMemberAcWithLogin.java:83)
Caused by: org.openqa.selenium.NoSuchElementException: Unable to locate element: {&quot;method&quot;:&quot;xpath&quot;,&quot;selector&quot;:&quot;.//*[@id=&apos;00NF000000D2YFo&apos;]&quot;}
For documentation on this error, please visit: http://seleniumhq.org/exceptions/no_such_element.html
Build info: version: &apos;2.49.1&apos;, revision: &apos;b41a073&apos;, time: &apos;2016-01-21 17:32:24&apos;
System info: host: &apos;01250LT2368&apos;, ip: &apos;10.8.44.162&apos;, os.name: &apos;Windows 7&apos;, os.arch: &apos;x86&apos;, os.version: &apos;6.1&apos;, java.version: &apos;1.8.0_60&apos;
Driver info: driver.version: unknown
	at &lt;anonymous class&gt;.FirefoxDriver.prototype.findElementInternal_(file:///C:/Users/jakther/AppData/Local/Temp/anonymous8129824912121244097webdriver-profile/extensions/fxdriver@googlecode.com/components/driver-component.js:10681)
	at &lt;anonymous class&gt;.fxdriver.Timer.prototype.setTimeout/&lt;.notify(file:///C:/Users/jakther/AppData/Local/Temp/anonymous8129824912121244097webdriver-profile/extensions/fxdriver@googlecode.com/components/driver-component.js:623)
... Removed 28 stack frames</div></td></tr></table><p class="totop"><a href="#summary">back to summary</a></p><h3 id="m29">testCase.TestCaseForCreateMemberAcWithLogin#navigateToAccountPage</h3><table class="result"><tr><th>Exception</th></tr><tr><td><div class="stacktrace">org.openqa.selenium.NoSuchElementException: Unable to locate element: {&quot;method&quot;:&quot;xpath&quot;,&quot;selector&quot;:&quot;.//*[@id=&apos;p3&apos;]&quot;}
Command duration or timeout: 30.15 seconds
For documentation on this error, please visit: http://seleniumhq.org/exceptions/no_such_element.html
Build info: version: &apos;2.49.1&apos;, revision: &apos;b41a073&apos;, time: &apos;2016-01-21 17:32:24&apos;
System info: host: &apos;01250LT2368&apos;, ip: &apos;10.8.44.162&apos;, os.name: &apos;Windows 7&apos;, os.arch: &apos;x86&apos;, os.version: &apos;6.1&apos;, java.version: &apos;1.8.0_60&apos;
Driver info: org.openqa.selenium.firefox.FirefoxDriver
Capabilities [{applicationCacheEnabled=true, rotatable=false, handlesAlerts=true, databaseEnabled=true, version=40.0.3, platform=WINDOWS, nativeEvents=false, acceptSslCerts=true, webStorageEnabled=true, locationContextEnabled=true, browserName=firefox, takesScreenshot=true, javascriptEnabled=true, cssSelectorsEnabled=true}]
Session ID: 60a234a2-530a-4f27-8511-4664960260dd
*** Element info: {Using=xpath, value=.//*[@id=&apos;p3&apos;]}
	at org.openqa.selenium.remote.ErrorHandler.createThrowable(ErrorHandler.java:206)
	at org.openqa.selenium.remote.ErrorHandler.throwIfResponseFailed(ErrorHandler.java:158)
	at org.openqa.selenium.remote.RemoteWebDriver.execute(RemoteWebDriver.java:678)
	at org.openqa.selenium.remote.RemoteWebDriver.findElement(RemoteWebDriver.java:363)
	at org.openqa.selenium.remote.RemoteWebDriver.findElementByXPath(RemoteWebDriver.java:500)
	at org.openqa.selenium.By$ByXPath.findElement(By.java:361)
	at org.openqa.selenium.remote.RemoteWebDriver.findElement(RemoteWebDriver.java:355)
	at utilities.AllMethod.selectTextFromComboByVisibleTextUseBy(AllMethod.java:245)
	at pageObject.NavigateToOtherPage.navigateToAccountCreatePage(NavigateToOtherPage.java:39)
	at testCase.TestCaseForCreateMemberAcWithLogin.navigateToAccountPage(TestCaseForCreateMemberAcWithLogin.java:41)
Caused by: org.openqa.selenium.NoSuchElementException: Unable to locate element: {&quot;method&quot;:&quot;xpath&quot;,&quot;selector&quot;:&quot;.//*[@id=&apos;p3&apos;]&quot;}
For documentation on this error, please visit: http://seleniumhq.org/exceptions/no_such_element.html
Build info: version: &apos;2.49.1&apos;, revision: &apos;b41a073&apos;, time: &apos;2016-01-21 17:32:24&apos;
System info: host: &apos;01250LT2368&apos;, ip: &apos;10.8.44.162&apos;, os.name: &apos;Windows 7&apos;, os.arch: &apos;x86&apos;, os.version: &apos;6.1&apos;, java.version: &apos;1.8.0_60&apos;
Driver info: driver.version: unknown
	at &lt;anonymous class&gt;.FirefoxDriver.prototype.findElementInternal_(file:///C:/Users/jakther/AppData/Local/Temp/anonymous8129824912121244097webdriver-profile/extensions/fxdriver@googlecode.com/components/driver-component.js:10681)
	at &lt;anonymous class&gt;.fxdriver.Timer.prototype.setTimeout/&lt;.notify(file:///C:/Users/jakther/AppData/Local/Temp/anonymous8129824912121244097webdriver-profile/extensions/fxdriver@googlecode.com/components/driver-component.js:623)
... Removed 28 stack frames</div></td></tr></table><p class="totop"><a href="#summary">back to summary</a></p><h3 id="m30">testCase.TestCaseForCreateIndiviualProviderAc#EmailVerify</h3><table class="result"></table><p class="totop"><a href="#summary">back to summary</a></p><h3 id="m31">testCase.TestCaseForCreateIndiviualProviderAc#blankSubmit</h3><table class="result"></table><p class="totop"><a href="#summary">back to summary</a></p><h3 id="m32">testCase.TestCaseForCreateIndiviualProviderAc#createANewAcc</h3><table class="result"></table><p class="totop"><a href="#summary">back to summary</a></p><h3 id="m33">testCase.TestCaseForCreateIndiviualProviderAc#lastNameVerify</h3><table class="result"></table><p class="totop"><a href="#summary">back to summary</a></p><h3 id="m34">testCase.TestCaseForCreateIndiviualProviderAc#validLoginForNewAcCreate</h3><table class="result"></table><p class="totop"><a href="#summary">back to summary</a></p><h3 id="m35">testCase.TestCaseForCreateMemberAcWithLogin#createAMemberAcWithValidData</h3><table class="result"></table><p class="totop"><a href="#summary">back to summary</a></p><h3 id="m36">testCase.TestCaseForCreateMemberAcWithLogin#enterInvalidDate</h3><table class="result"></table><p class="totop"><a href="#summary">back to summary</a></p><h3 id="m37">testCase.TestCaseForCreateMemberAcWithLogin#enterInvalidEmail</h3><table class="result"></table><p class="totop"><a href="#summary">back to summary</a></p><h3 id="m38">testCase.TestCaseForCreateMemberAcWithLogin#loginIntoApplication</h3><table class="result"></table><p class="totop"><a href="#summary">back to summary</a></p><h3 id="m39">testCase.TestCaseForCreateNonIndiviualProviderAc#blankSubmit</h3><table class="result"></table><p class="totop"><a href="#summary">back to summary</a></p><h3 id="m40">testCase.TestCaseForCreateNonIndiviualProviderAc#validLoginForNewAcCreate</h3><table class="result"></table><p class="totop"><a href="#summary">back to summary</a></p><h3 id="m41">testCase.TestCaseForCreateReferralSourceAc#accNameVerify</h3><table class="result"></table><p class="totop"><a href="#summary">back to summary</a></p><h3 id="m42">testCase.TestCaseForCreateReferralSourceAc#blankSubmit</h3><table class="result"></table><p class="totop"><a href="#summary">back to summary</a></p><h3 id="m43">testCase.TestCaseForCreateReferralSourceAc#phoneNumberVerify</h3><table class="result"></table><p class="totop"><a href="#summary">back to summary</a></p><h3 id="m44">testCase.TestCaseForCreateReferralSourceAc#validLoginForNewAcCreate</h3><table class="result"></table><p class="totop"><a href="#summary">back to summary</a></p><h3 id="m45">testCase.TestCaseForCreateReferralSourceAc#verifyEmail</h3><table class="result"></table><p class="totop"><a href="#summary">back to summary</a></p><h3 id="m46">testCase.TestCaseForLogin#logIn</h3><table class="result"></table><p class="totop"><a href="#summary">back to summary</a></p><h3 id="m47">testCase.TestCaseForLogin#logout</h3><table class="result"></table><p class="totop"><a href="#summary">back to summary</a></p><h3 id="m48">testCase.TestCaseForLogin#validLogin</h3><table class="result"></table><p class="totop"><a href="#summary">back to summary</a></p><h3 id="m49">testCase.TestCaseForLogin#verifyInvalidID</h3><table class="result"></table><p class="totop"><a href="#summary">back to summary</a></p><h3 id="m50">testCase.TestCaseForLogin#verifyInvalidIDBlank</h3><table class="result"></table><p class="totop"><a href="#summary">back to summary</a></p><h3 id="m51">testCase.TestCaseForLogin#verifyInvalidPassword</h3><table class="result"></table><p class="totop"><a href="#summary">back to summary</a></p><h3 id="m52">testCase.TestCaseForLogin#verifyRemebarMeCheckBox</h3><table class="result"></table><p class="totop"><a href="#summary">back to summary</a></p><h3 id="m53">testCase.TestCaseForLogin#verifyTitle</h3><table class="result"></table><p class="totop"><a href="#summary">back to summary</a></p><h2>Test3</h2><h3 id="m54">testCase.TestCaseForCreateIndiviualProviderAc#EmailVerify</h3><table class="result"><tr><th>Exception</th></tr><tr><td><div class="stacktrace">org.openqa.selenium.NoSuchElementException: Unable to find element with id == 00NF000000ColTt (WARNING: The server did not provide any stacktrace information)
Command duration or timeout: 30.26 seconds
For documentation on this error, please visit: http://seleniumhq.org/exceptions/no_such_element.html
Build info: version: &apos;2.49.1&apos;, revision: &apos;b41a073&apos;, time: &apos;2016-01-21 17:32:24&apos;
System info: host: &apos;01250LT2368&apos;, ip: &apos;10.8.44.162&apos;, os.name: &apos;Windows 7&apos;, os.arch: &apos;x86&apos;, os.version: &apos;6.1&apos;, java.version: &apos;1.8.0_60&apos;
Driver info: org.openqa.selenium.ie.InternetExplorerDriver
Capabilities [{browserAttachTimeout=0, enablePersistentHover=true, ie.forceCreateProcessApi=false, pageLoadStrategy=normal, ie.usePerProcessProxy=false, ignoreZoomSetting=false, handlesAlerts=true, version=11, platform=WINDOWS, nativeEvents=true, ie.ensureCleanSession=false, elementScrollBehavior=0, ie.browserCommandLineSwitches=, requireWindowFocus=false, browserName=internet explorer, initialBrowserUrl=http://localhost:15821/, takesScreenshot=true, javascriptEnabled=true, ignoreProtectedModeSettings=true, enableElementCacheCleanup=true, cssSelectorsEnabled=true, unexpectedAlertBehaviour=dismiss}]
Session ID: 9126b78f-76d2-4dcf-bd1e-cfb2bc89b816
*** Element info: {Using=id, value=00NF000000ColTt}
	at org.openqa.selenium.remote.ErrorHandler.createThrowable(ErrorHandler.java:206)
	at org.openqa.selenium.remote.ErrorHandler.throwIfResponseFailed(ErrorHandler.java:158)
	at org.openqa.selenium.remote.RemoteWebDriver.execute(RemoteWebDriver.java:678)
	at org.openqa.selenium.remote.RemoteWebDriver.findElement(RemoteWebDriver.java:363)
	at org.openqa.selenium.remote.RemoteWebDriver.findElementById(RemoteWebDriver.java:413)
	at org.openqa.selenium.By$ById.findElement(By.java:218)
	at org.openqa.selenium.remote.RemoteWebDriver.findElement(RemoteWebDriver.java:355)
	at pageObject.CreateIndividualProviderAccount.clearTextAllBox(CreateIndividualProviderAccount.java:305)
	at testCase.TestCaseForCreateIndiviualProviderAc.EmailVerify(TestCaseForCreateIndiviualProviderAc.java:80)
... Removed 28 stack frames</div></td></tr></table><p class="totop"><a href="#summary">back to summary</a></p><h3 id="m55">testCase.TestCaseForCreateIndiviualProviderAc#blankSubmit</h3><table class="result"><tr><th>Exception</th></tr><tr><td><div class="stacktrace">org.openqa.selenium.NoSuchElementException: Unable to find element with xpath == .//*[@id=&apos;topButtonRow&apos;]/input[1] (WARNING: The server did not provide any stacktrace information)
Command duration or timeout: 30.23 seconds
For documentation on this error, please visit: http://seleniumhq.org/exceptions/no_such_element.html
Build info: version: &apos;2.49.1&apos;, revision: &apos;b41a073&apos;, time: &apos;2016-01-21 17:32:24&apos;
System info: host: &apos;01250LT2368&apos;, ip: &apos;10.8.44.162&apos;, os.name: &apos;Windows 7&apos;, os.arch: &apos;x86&apos;, os.version: &apos;6.1&apos;, java.version: &apos;1.8.0_60&apos;
Driver info: org.openqa.selenium.ie.InternetExplorerDriver
Capabilities [{browserAttachTimeout=0, enablePersistentHover=true, ie.forceCreateProcessApi=false, pageLoadStrategy=normal, ie.usePerProcessProxy=false, ignoreZoomSetting=false, handlesAlerts=true, version=11, platform=WINDOWS, nativeEvents=true, ie.ensureCleanSession=false, elementScrollBehavior=0, ie.browserCommandLineSwitches=, requireWindowFocus=false, browserName=internet explorer, initialBrowserUrl=http://localhost:15821/, takesScreenshot=true, javascriptEnabled=true, ignoreProtectedModeSettings=true, enableElementCacheCleanup=true, cssSelectorsEnabled=true, unexpectedAlertBehaviour=dismiss}]
Session ID: 9126b78f-76d2-4dcf-bd1e-cfb2bc89b816
*** Element info: {Using=xpath, value=.//*[@id=&apos;topButtonRow&apos;]/input[1]}
	at org.openqa.selenium.remote.ErrorHandler.createThrowable(ErrorHandler.java:206)
	at org.openqa.selenium.remote.ErrorHandler.throwIfResponseFailed(ErrorHandler.java:158)
	at org.openqa.selenium.remote.RemoteWebDriver.execute(RemoteWebDriver.java:678)
	at org.openqa.selenium.remote.RemoteWebDriver.findElement(RemoteWebDriver.java:363)
	at org.openqa.selenium.remote.RemoteWebDriver.findElementByXPath(RemoteWebDriver.java:500)
	at org.openqa.selenium.By$ByXPath.findElement(By.java:361)
	at org.openqa.selenium.remote.RemoteWebDriver.findElement(RemoteWebDriver.java:355)
	at pageObject.CreateIndividualProviderAccount.clickSaveButton(CreateIndividualProviderAccount.java:73)
	at testCase.TestCaseForCreateIndiviualProviderAc.blankSubmit(TestCaseForCreateIndiviualProviderAc.java:38)
... Removed 28 stack frames</div></td></tr></table><p class="totop"><a href="#summary">back to summary</a></p><h3 id="m56">testCase.TestCaseForCreateIndiviualProviderAc#createANewAcc</h3><table class="result"><tr><th>Exception</th></tr><tr><td><div class="stacktrace">org.openqa.selenium.NoSuchElementException: Unable to find element with id == 00NF000000ColTt (WARNING: The server did not provide any stacktrace information)
Command duration or timeout: 30.10 seconds
For documentation on this error, please visit: http://seleniumhq.org/exceptions/no_such_element.html
Build info: version: &apos;2.49.1&apos;, revision: &apos;b41a073&apos;, time: &apos;2016-01-21 17:32:24&apos;
System info: host: &apos;01250LT2368&apos;, ip: &apos;10.8.44.162&apos;, os.name: &apos;Windows 7&apos;, os.arch: &apos;x86&apos;, os.version: &apos;6.1&apos;, java.version: &apos;1.8.0_60&apos;
Driver info: org.openqa.selenium.ie.InternetExplorerDriver
Capabilities [{browserAttachTimeout=0, enablePersistentHover=true, ie.forceCreateProcessApi=false, pageLoadStrategy=normal, ie.usePerProcessProxy=false, ignoreZoomSetting=false, handlesAlerts=true, version=11, platform=WINDOWS, nativeEvents=true, ie.ensureCleanSession=false, elementScrollBehavior=0, ie.browserCommandLineSwitches=, requireWindowFocus=false, browserName=internet explorer, initialBrowserUrl=http://localhost:15821/, takesScreenshot=true, javascriptEnabled=true, ignoreProtectedModeSettings=true, enableElementCacheCleanup=true, cssSelectorsEnabled=true, unexpectedAlertBehaviour=dismiss}]
Session ID: 9126b78f-76d2-4dcf-bd1e-cfb2bc89b816
*** Element info: {Using=id, value=00NF000000ColTt}
	at org.openqa.selenium.remote.ErrorHandler.createThrowable(ErrorHandler.java:206)
	at org.openqa.selenium.remote.ErrorHandler.throwIfResponseFailed(ErrorHandler.java:158)
	at org.openqa.selenium.remote.RemoteWebDriver.execute(RemoteWebDriver.java:678)
	at org.openqa.selenium.remote.RemoteWebDriver.findElement(RemoteWebDriver.java:363)
	at org.openqa.selenium.remote.RemoteWebDriver.findElementById(RemoteWebDriver.java:413)
	at org.openqa.selenium.By$ById.findElement(By.java:218)
	at org.openqa.selenium.remote.RemoteWebDriver.findElement(RemoteWebDriver.java:355)
	at pageObject.CreateIndividualProviderAccount.clearTextAllBox(CreateIndividualProviderAccount.java:305)
	at testCase.TestCaseForCreateIndiviualProviderAc.createANewAcc(TestCaseForCreateIndiviualProviderAc.java:106)
... Removed 28 stack frames</div></td></tr></table><p class="totop"><a href="#summary">back to summary</a></p><h3 id="m57">testCase.TestCaseForCreateIndiviualProviderAc#lastNameVerify</h3><table class="result"><tr><th>Exception</th></tr><tr><td><div class="stacktrace">org.openqa.selenium.NoSuchElementException: Unable to find element with id == 00NF000000ColTt (WARNING: The server did not provide any stacktrace information)
Command duration or timeout: 30.24 seconds
For documentation on this error, please visit: http://seleniumhq.org/exceptions/no_such_element.html
Build info: version: &apos;2.49.1&apos;, revision: &apos;b41a073&apos;, time: &apos;2016-01-21 17:32:24&apos;
System info: host: &apos;01250LT2368&apos;, ip: &apos;10.8.44.162&apos;, os.name: &apos;Windows 7&apos;, os.arch: &apos;x86&apos;, os.version: &apos;6.1&apos;, java.version: &apos;1.8.0_60&apos;
Driver info: org.openqa.selenium.ie.InternetExplorerDriver
Capabilities [{browserAttachTimeout=0, enablePersistentHover=true, ie.forceCreateProcessApi=false, pageLoadStrategy=normal, ie.usePerProcessProxy=false, ignoreZoomSetting=false, handlesAlerts=true, version=11, platform=WINDOWS, nativeEvents=true, ie.ensureCleanSession=false, elementScrollBehavior=0, ie.browserCommandLineSwitches=, requireWindowFocus=false, browserName=internet explorer, initialBrowserUrl=http://localhost:15821/, takesScreenshot=true, javascriptEnabled=true, ignoreProtectedModeSettings=true, enableElementCacheCleanup=true, cssSelectorsEnabled=true, unexpectedAlertBehaviour=dismiss}]
Session ID: 9126b78f-76d2-4dcf-bd1e-cfb2bc89b816
*** Element info: {Using=id, value=00NF000000ColTt}
	at org.openqa.selenium.remote.ErrorHandler.createThrowable(ErrorHandler.java:206)
	at org.openqa.selenium.remote.ErrorHandler.throwIfResponseFailed(ErrorHandler.java:158)
	at org.openqa.selenium.remote.RemoteWebDriver.execute(RemoteWebDriver.java:678)
	at org.openqa.selenium.remote.RemoteWebDriver.findElement(RemoteWebDriver.java:363)
	at org.openqa.selenium.remote.RemoteWebDriver.findElementById(RemoteWebDriver.java:413)
	at org.openqa.selenium.By$ById.findElement(By.java:218)
	at org.openqa.selenium.remote.RemoteWebDriver.findElement(RemoteWebDriver.java:355)
	at pageObject.CreateIndividualProviderAccount.enterTxtOnFirstName(CreateIndividualProviderAccount.java:109)
	at testCase.TestCaseForCreateIndiviualProviderAc.lastNameVerify(TestCaseForCreateIndiviualProviderAc.java:57)
... Removed 28 stack frames</div></td></tr></table><p class="totop"><a href="#summary">back to summary</a></p><h3 id="m58">testCase.TestCaseForCreateIndiviualProviderAc#validLoginForNewAcCreate</h3><table class="result"><tr><th>Exception</th></tr><tr><td><div class="stacktrace">org.openqa.selenium.InvalidSelectorException: The xpath expression &apos;.//*[@id=&apos;Account_Tab&apos;]/a&apos; cannot be evaluated or does notresult in a WebElement (WARNING: The server did not provide any stacktrace information)
Command duration or timeout: 1.31 seconds
For documentation on this error, please visit: http://seleniumhq.org/exceptions/invalid_selector_exception.html
Build info: version: &apos;2.49.1&apos;, revision: &apos;b41a073&apos;, time: &apos;2016-01-21 17:32:24&apos;
System info: host: &apos;01250LT2368&apos;, ip: &apos;10.8.44.162&apos;, os.name: &apos;Windows 7&apos;, os.arch: &apos;x86&apos;, os.version: &apos;6.1&apos;, java.version: &apos;1.8.0_60&apos;
Driver info: org.openqa.selenium.ie.InternetExplorerDriver
Capabilities [{browserAttachTimeout=0, enablePersistentHover=true, ie.forceCreateProcessApi=false, pageLoadStrategy=normal, ie.usePerProcessProxy=false, ignoreZoomSetting=false, handlesAlerts=true, version=11, platform=WINDOWS, nativeEvents=true, ie.ensureCleanSession=false, elementScrollBehavior=0, ie.browserCommandLineSwitches=, requireWindowFocus=false, browserName=internet explorer, initialBrowserUrl=http://localhost:15821/, takesScreenshot=true, javascriptEnabled=true, ignoreProtectedModeSettings=true, enableElementCacheCleanup=true, cssSelectorsEnabled=true, unexpectedAlertBehaviour=dismiss}]
Session ID: 9126b78f-76d2-4dcf-bd1e-cfb2bc89b816
*** Element info: {Using=xpath, value=.//*[@id=&apos;Account_Tab&apos;]/a}
	at org.openqa.selenium.remote.ErrorHandler.createThrowable(ErrorHandler.java:206)
	at org.openqa.selenium.remote.ErrorHandler.throwIfResponseFailed(ErrorHandler.java:158)
	at org.openqa.selenium.remote.RemoteWebDriver.execute(RemoteWebDriver.java:678)
	at org.openqa.selenium.remote.RemoteWebDriver.findElement(RemoteWebDriver.java:363)
	at org.openqa.selenium.remote.RemoteWebDriver.findElementByXPath(RemoteWebDriver.java:500)
	at org.openqa.selenium.By$ByXPath.findElement(By.java:361)
	at org.openqa.selenium.remote.RemoteWebDriver.findElement(RemoteWebDriver.java:355)
	at pageObject.NavigateToOtherPage.navigateToAccountCreatePage(NavigateToOtherPage.java:35)
	at testCase.TestCaseForCreateIndiviualProviderAc.validLoginForNewAcCreate(TestCaseForCreateIndiviualProviderAc.java:25)
... Removed 28 stack frames</div></td></tr></table><p class="totop"><a href="#summary">back to summary</a></p><h3 id="m59">testCase.TestCaseForCreateReferralSourceAc#accNameVerify</h3><table class="result"><tr><th>Exception</th></tr><tr><td><div class="stacktrace">org.openqa.selenium.NoSuchElementException: Unable to find element with id == acc2 (WARNING: The server did not provide any stacktrace information)
Command duration or timeout: 30.27 seconds
For documentation on this error, please visit: http://seleniumhq.org/exceptions/no_such_element.html
Build info: version: &apos;2.49.1&apos;, revision: &apos;b41a073&apos;, time: &apos;2016-01-21 17:32:24&apos;
System info: host: &apos;01250LT2368&apos;, ip: &apos;10.8.44.162&apos;, os.name: &apos;Windows 7&apos;, os.arch: &apos;x86&apos;, os.version: &apos;6.1&apos;, java.version: &apos;1.8.0_60&apos;
Driver info: org.openqa.selenium.ie.InternetExplorerDriver
Capabilities [{browserAttachTimeout=0, enablePersistentHover=true, ie.forceCreateProcessApi=false, pageLoadStrategy=normal, ie.usePerProcessProxy=false, ignoreZoomSetting=false, handlesAlerts=true, version=11, platform=WINDOWS, nativeEvents=true, ie.ensureCleanSession=false, elementScrollBehavior=0, ie.browserCommandLineSwitches=, requireWindowFocus=false, browserName=internet explorer, initialBrowserUrl=http://localhost:15821/, takesScreenshot=true, javascriptEnabled=true, ignoreProtectedModeSettings=true, enableElementCacheCleanup=true, cssSelectorsEnabled=true, unexpectedAlertBehaviour=dismiss}]
Session ID: 9126b78f-76d2-4dcf-bd1e-cfb2bc89b816
*** Element info: {Using=id, value=acc2}
	at org.openqa.selenium.remote.ErrorHandler.createThrowable(ErrorHandler.java:206)
	at org.openqa.selenium.remote.ErrorHandler.throwIfResponseFailed(ErrorHandler.java:158)
	at org.openqa.selenium.remote.RemoteWebDriver.execute(RemoteWebDriver.java:678)
	at org.openqa.selenium.remote.RemoteWebDriver.findElement(RemoteWebDriver.java:363)
	at org.openqa.selenium.remote.RemoteWebDriver.findElementById(RemoteWebDriver.java:413)
	at org.openqa.selenium.By$ById.findElement(By.java:218)
	at org.openqa.selenium.remote.RemoteWebDriver.findElement(RemoteWebDriver.java:355)
	at pageObject.CreateReferralSourceAccount.enterTxtOnAccountName(CreateReferralSourceAccount.java:88)
	at pageObject.CreateReferralSourceAccount.enterDataOnThePage(CreateReferralSourceAccount.java:241)
	at testCase.TestCaseForCreateReferralSourceAc.accNameVerify(TestCaseForCreateReferralSourceAc.java:62)
... Removed 28 stack frames</div></td></tr></table><p class="totop"><a href="#summary">back to summary</a></p><h3 id="m60">testCase.TestCaseForCreateReferralSourceAc#blankSubmit</h3><table class="result"><tr><th>Exception</th></tr><tr><td><div class="stacktrace">org.openqa.selenium.NoSuchElementException: Unable to find element with xpath == .//*[@id=&apos;topButtonRow&apos;]/input[1] (WARNING: The server did not provide any stacktrace information)
Command duration or timeout: 30.31 seconds
For documentation on this error, please visit: http://seleniumhq.org/exceptions/no_such_element.html
Build info: version: &apos;2.49.1&apos;, revision: &apos;b41a073&apos;, time: &apos;2016-01-21 17:32:24&apos;
System info: host: &apos;01250LT2368&apos;, ip: &apos;10.8.44.162&apos;, os.name: &apos;Windows 7&apos;, os.arch: &apos;x86&apos;, os.version: &apos;6.1&apos;, java.version: &apos;1.8.0_60&apos;
Driver info: org.openqa.selenium.ie.InternetExplorerDriver
Capabilities [{browserAttachTimeout=0, enablePersistentHover=true, ie.forceCreateProcessApi=false, pageLoadStrategy=normal, ie.usePerProcessProxy=false, ignoreZoomSetting=false, handlesAlerts=true, version=11, platform=WINDOWS, nativeEvents=true, ie.ensureCleanSession=false, elementScrollBehavior=0, ie.browserCommandLineSwitches=, requireWindowFocus=false, browserName=internet explorer, initialBrowserUrl=http://localhost:15821/, takesScreenshot=true, javascriptEnabled=true, ignoreProtectedModeSettings=true, enableElementCacheCleanup=true, cssSelectorsEnabled=true, unexpectedAlertBehaviour=dismiss}]
Session ID: 9126b78f-76d2-4dcf-bd1e-cfb2bc89b816
*** Element info: {Using=xpath, value=.//*[@id=&apos;topButtonRow&apos;]/input[1]}
	at org.openqa.selenium.remote.ErrorHandler.createThrowable(ErrorHandler.java:206)
	at org.openqa.selenium.remote.ErrorHandler.throwIfResponseFailed(ErrorHandler.java:158)
	at org.openqa.selenium.remote.RemoteWebDriver.execute(RemoteWebDriver.java:678)
	at org.openqa.selenium.remote.RemoteWebDriver.findElement(RemoteWebDriver.java:363)
	at org.openqa.selenium.remote.RemoteWebDriver.findElementByXPath(RemoteWebDriver.java:500)
	at org.openqa.selenium.By$ByXPath.findElement(By.java:361)
	at org.openqa.selenium.remote.RemoteWebDriver.findElement(RemoteWebDriver.java:355)
	at pageObject.CreateReferralSourceAccount.clickSaveButton(CreateReferralSourceAccount.java:67)
	at testCase.TestCaseForCreateReferralSourceAc.blankSubmit(TestCaseForCreateReferralSourceAc.java:41)
... Removed 28 stack frames</div></td></tr></table><p class="totop"><a href="#summary">back to summary</a></p><h3 id="m61">testCase.TestCaseForCreateReferralSourceAc#phoneNumberVerify</h3><table class="result"><tr><th>Exception</th></tr><tr><td><div class="stacktrace">org.openqa.selenium.NoSuchElementException: Unable to find element with id == acc2 (WARNING: The server did not provide any stacktrace information)
Command duration or timeout: 30.18 seconds
For documentation on this error, please visit: http://seleniumhq.org/exceptions/no_such_element.html
Build info: version: &apos;2.49.1&apos;, revision: &apos;b41a073&apos;, time: &apos;2016-01-21 17:32:24&apos;
System info: host: &apos;01250LT2368&apos;, ip: &apos;10.8.44.162&apos;, os.name: &apos;Windows 7&apos;, os.arch: &apos;x86&apos;, os.version: &apos;6.1&apos;, java.version: &apos;1.8.0_60&apos;
Driver info: org.openqa.selenium.ie.InternetExplorerDriver
Capabilities [{browserAttachTimeout=0, enablePersistentHover=true, ie.forceCreateProcessApi=false, pageLoadStrategy=normal, ie.usePerProcessProxy=false, ignoreZoomSetting=false, handlesAlerts=true, version=11, platform=WINDOWS, nativeEvents=true, ie.ensureCleanSession=false, elementScrollBehavior=0, ie.browserCommandLineSwitches=, requireWindowFocus=false, browserName=internet explorer, initialBrowserUrl=http://localhost:15821/, takesScreenshot=true, javascriptEnabled=true, ignoreProtectedModeSettings=true, enableElementCacheCleanup=true, cssSelectorsEnabled=true, unexpectedAlertBehaviour=dismiss}]
Session ID: 9126b78f-76d2-4dcf-bd1e-cfb2bc89b816
*** Element info: {Using=id, value=acc2}
	at org.openqa.selenium.remote.ErrorHandler.createThrowable(ErrorHandler.java:206)
	at org.openqa.selenium.remote.ErrorHandler.throwIfResponseFailed(ErrorHandler.java:158)
	at org.openqa.selenium.remote.RemoteWebDriver.execute(RemoteWebDriver.java:678)
	at org.openqa.selenium.remote.RemoteWebDriver.findElement(RemoteWebDriver.java:363)
	at org.openqa.selenium.remote.RemoteWebDriver.findElementById(RemoteWebDriver.java:413)
	at org.openqa.selenium.By$ById.findElement(By.java:218)
	at org.openqa.selenium.remote.RemoteWebDriver.findElement(RemoteWebDriver.java:355)
	at pageObject.CreateReferralSourceAccount.clearAllData(CreateReferralSourceAccount.java:258)
	at testCase.TestCaseForCreateReferralSourceAc.phoneNumberVerify(TestCaseForCreateReferralSourceAc.java:84)
... Removed 28 stack frames</div></td></tr></table><p class="totop"><a href="#summary">back to summary</a></p><h3 id="m62">testCase.TestCaseForCreateReferralSourceAc#validLoginForNewAcCreate</h3><table class="result"><tr><th>Exception</th></tr><tr><td><div class="stacktrace">org.openqa.selenium.InvalidSelectorException: The xpath expression &apos;.//*[@id=&apos;Account_Tab&apos;]/a&apos; cannot be evaluated or does notresult in a WebElement (WARNING: The server did not provide any stacktrace information)
Command duration or timeout: 1.59 seconds
For documentation on this error, please visit: http://seleniumhq.org/exceptions/invalid_selector_exception.html
Build info: version: &apos;2.49.1&apos;, revision: &apos;b41a073&apos;, time: &apos;2016-01-21 17:32:24&apos;
System info: host: &apos;01250LT2368&apos;, ip: &apos;10.8.44.162&apos;, os.name: &apos;Windows 7&apos;, os.arch: &apos;x86&apos;, os.version: &apos;6.1&apos;, java.version: &apos;1.8.0_60&apos;
Driver info: org.openqa.selenium.ie.InternetExplorerDriver
Capabilities [{browserAttachTimeout=0, enablePersistentHover=true, ie.forceCreateProcessApi=false, pageLoadStrategy=normal, ie.usePerProcessProxy=false, ignoreZoomSetting=false, handlesAlerts=true, version=11, platform=WINDOWS, nativeEvents=true, ie.ensureCleanSession=false, elementScrollBehavior=0, ie.browserCommandLineSwitches=, requireWindowFocus=false, browserName=internet explorer, initialBrowserUrl=http://localhost:15821/, takesScreenshot=true, javascriptEnabled=true, ignoreProtectedModeSettings=true, enableElementCacheCleanup=true, cssSelectorsEnabled=true, unexpectedAlertBehaviour=dismiss}]
Session ID: 9126b78f-76d2-4dcf-bd1e-cfb2bc89b816
*** Element info: {Using=xpath, value=.//*[@id=&apos;Account_Tab&apos;]/a}
	at org.openqa.selenium.remote.ErrorHandler.createThrowable(ErrorHandler.java:206)
	at org.openqa.selenium.remote.ErrorHandler.throwIfResponseFailed(ErrorHandler.java:158)
	at org.openqa.selenium.remote.RemoteWebDriver.execute(RemoteWebDriver.java:678)
	at org.openqa.selenium.remote.RemoteWebDriver.findElement(RemoteWebDriver.java:363)
	at org.openqa.selenium.remote.RemoteWebDriver.findElementByXPath(RemoteWebDriver.java:500)
	at org.openqa.selenium.By$ByXPath.findElement(By.java:361)
	at org.openqa.selenium.remote.RemoteWebDriver.findElement(RemoteWebDriver.java:355)
	at pageObject.NavigateToOtherPage.navigateToAccountCreatePage(NavigateToOtherPage.java:35)
	at testCase.TestCaseForCreateReferralSourceAc.validLoginForNewAcCreate(TestCaseForCreateReferralSourceAc.java:24)
... Removed 28 stack frames</div></td></tr></table><p class="totop"><a href="#summary">back to summary</a></p><h3 id="m63">testCase.TestCaseForCreateMemberAcWithLogin#createAMemberAcWithValidData</h3><table class="result"></table><p class="totop"><a href="#summary">back to summary</a></p><h3 id="m64">testCase.TestCaseForCreateMemberAcWithLogin#enterBlankDataIntoMemberAc</h3><table class="result"></table><p class="totop"><a href="#summary">back to summary</a></p><h3 id="m65">testCase.TestCaseForCreateMemberAcWithLogin#enterInvalidDate</h3><table class="result"></table><p class="totop"><a href="#summary">back to summary</a></p><h3 id="m66">testCase.TestCaseForCreateMemberAcWithLogin#enterInvalidEmail</h3><table class="result"></table><p class="totop"><a href="#summary">back to summary</a></p><h3 id="m67">testCase.TestCaseForCreateMemberAcWithLogin#enterInvalidSsn</h3><table class="result"></table><p class="totop"><a href="#summary">back to summary</a></p><h3 id="m68">testCase.TestCaseForCreateMemberAcWithLogin#loginIntoApplication</h3><table class="result"></table><p class="totop"><a href="#summary">back to summary</a></p><h3 id="m69">testCase.TestCaseForCreateMemberAcWithLogin#navigateToAccountPage</h3><table class="result"></table><p class="totop"><a href="#summary">back to summary</a></p><h3 id="m70">testCase.TestCaseForCreateNonIndiviualProviderAc#blankSubmit</h3><table class="result"></table><p class="totop"><a href="#summary">back to summary</a></p><h3 id="m71">testCase.TestCaseForCreateNonIndiviualProviderAc#validLoginForNewAcCreate</h3><table class="result"></table><p class="totop"><a href="#summary">back to summary</a></p><h3 id="m72">testCase.TestCaseForCreateReferralSourceAc#verifyEmail</h3><table class="result"></table><p class="totop"><a href="#summary">back to summary</a></p><h3 id="m73">testCase.TestCaseForLogin#logIn</h3><table class="result"></table><p class="totop"><a href="#summary">back to summary</a></p><h3 id="m74">testCase.TestCaseForLogin#logout</h3><table class="result"></table><p class="totop"><a href="#summary">back to summary</a></p><h3 id="m75">testCase.TestCaseForLogin#validLogin</h3><table class="result"></table><p class="totop"><a href="#summary">back to summary</a></p><h3 id="m76">testCase.TestCaseForLogin#verifyInvalidID</h3><table class="result"></table><p class="totop"><a href="#summary">back to summary</a></p><h3 id="m77">testCase.TestCaseForLogin#verifyInvalidIDBlank</h3><table class="result"></table><p class="totop"><a href="#summary">back to summary</a></p><h3 id="m78">testCase.TestCaseForLogin#verifyInvalidPassword</h3><table class="result"></table><p class="totop"><a href="#summary">back to summary</a></p><h3 id="m79">testCase.TestCaseForLogin#verifyRemebarMeCheckBox</h3><table class="result"></table><p class="totop"><a href="#summary">back to summary</a></p><h3 id="m80">testCase.TestCaseForLogin#verifyTitle</h3><table class="result"></table><p class="totop"><a href="#summary">back to summary</a></p></body></html>